ARM GAS  C:\Users\nikod\AppData\Local\Temp\ccyiZavQ.s 			page 1


   1              		.syntax unified
   2              		.cpu cortex-m3
   3              		.fpu softvfp
   4              		.eabi_attribute 20, 1
   5              		.eabi_attribute 21, 1
   6              		.eabi_attribute 23, 3
   7              		.eabi_attribute 24, 1
   8              		.eabi_attribute 25, 1
   9              		.eabi_attribute 26, 1
  10              		.eabi_attribute 30, 1
  11              		.eabi_attribute 34, 1
  12              		.eabi_attribute 18, 4
  13              		.thumb
  14              		.syntax unified
  15              		.file	"cymetadata.c"
  16              		.text
  17              	.Ltext0:
  18              		.cfi_sections	.debug_frame
  19              		.global	cy_metadata
  20              		.global	cy_meta_flashprotect
  21              		.global	cy_meta_wonvl
  22              		.global	cy_meta_custnvl
  23              		.global	cy_meta_configecc
  24              		.section	.cyconfigecc,"a",%progbits
  25              		.align	2
  26              		.type	cy_meta_configecc, %object
  27              		.size	cy_meta_configecc, 28
  28              	cy_meta_configecc:
  29 0000 01       		.byte	1
  30 0001 45       		.byte	69
  31 0002 00       		.byte	0
  32 0003 40       		.byte	64
  33 0004 10       		.byte	16
  34 0005 02       		.byte	2
  35 0006 00       		.byte	0
  36 0007 00       		.byte	0
  37 0008 00       		.byte	0
  38 0009 0B       		.byte	11
  39 000a 0B       		.byte	11
  40 000b 00       		.byte	0
  41 000c 00       		.byte	0
  42 000d 00       		.byte	0
  43 000e 00       		.byte	0
  44 000f 00       		.byte	0
  45 0010 01       		.byte	1
  46 0011 00       		.byte	0
  47 0012 00       		.byte	0
  48 0013 03       		.byte	3
  49 0014 02       		.byte	2
  50 0015 00       		.byte	0
  51 0016 00       		.byte	0
  52 0017 00       		.byte	0
  53 0018 00       		.byte	0
  54 0019 00       		.byte	0
  55 001a 00       		.byte	0
  56 001b 00       		.byte	0
  57              		.section	.cywolatch,"a",%progbits
ARM GAS  C:\Users\nikod\AppData\Local\Temp\ccyiZavQ.s 			page 2


  58              		.align	2
  59              		.type	cy_meta_wonvl, %object
  60              		.size	cy_meta_wonvl, 4
  61              	cy_meta_wonvl:
  62 0000 BC       		.byte	-68
  63 0001 90       		.byte	-112
  64 0002 AC       		.byte	-84
  65 0003 AF       		.byte	-81
  66              		.section	.cycustnvl,"a",%progbits
  67              		.align	2
  68              		.type	cy_meta_custnvl, %object
  69              		.size	cy_meta_custnvl, 4
  70              	cy_meta_custnvl:
  71 0000 00       		.byte	0
  72 0001 00       		.byte	0
  73 0002 40       		.byte	64
  74 0003 05       		.byte	5
  75              		.section	.cymeta,"a",%progbits
  76              		.align	2
  77              		.type	cy_metadata, %object
  78              		.size	cy_metadata, 12
  79              	cy_metadata:
  80 0000 00       		.byte	0
  81 0001 01       		.byte	1
  82 0002 2E       		.byte	46
  83 0003 16       		.byte	22
  84 0004 10       		.byte	16
  85 0005 69       		.byte	105
  86 0006 00       		.byte	0
  87 0007 01       		.byte	1
  88 0008 00       		.byte	0
  89 0009 00       		.byte	0
  90 000a 00       		.byte	0
  91 000b 00       		.byte	0
  92              		.section	.cyflashprotect,"a",%progbits
  93              		.align	2
  94              		.type	cy_meta_flashprotect, %object
  95              		.size	cy_meta_flashprotect, 256
  96              	cy_meta_flashprotect:
  97 0000 00000000 		.space	256
  97      00000000 
  97      00000000 
  97      00000000 
  97      00000000 
  98              		.text
  99              	.Letext0:
 100              		.file 1 "c:\\program files (x86)\\cypress\\psoc creator\\4.2\\psoc creator\\import\\gnu\\arm\\5.4.
 101              		.file 2 "c:\\program files (x86)\\cypress\\psoc creator\\4.2\\psoc creator\\import\\gnu\\arm\\5.4.
 102              		.file 3 "Generated_Source\\PSoC5\\cymetadata.c"
 103              		.section	.debug_info,"",%progbits
 104              	.Ldebug_info0:
 105 0000 30010000 		.4byte	0x130
 106 0004 0400     		.2byte	0x4
 107 0006 00000000 		.4byte	.Ldebug_abbrev0
 108 000a 04       		.byte	0x4
 109 000b 01       		.uleb128 0x1
 110 000c 24000000 		.4byte	.LASF17
ARM GAS  C:\Users\nikod\AppData\Local\Temp\ccyiZavQ.s 			page 3


 111 0010 0C       		.byte	0xc
 112 0011 BD010000 		.4byte	.LASF18
 113 0015 D7000000 		.4byte	.LASF19
 114 0019 00000000 		.4byte	.Ldebug_line0
 115 001d 02       		.uleb128 0x2
 116 001e 01       		.byte	0x1
 117 001f 06       		.byte	0x6
 118 0020 B1010000 		.4byte	.LASF0
 119 0024 03       		.uleb128 0x3
 120 0025 00000000 		.4byte	.LASF9
 121 0029 01       		.byte	0x1
 122 002a 1D       		.byte	0x1d
 123 002b 2F000000 		.4byte	0x2f
 124 002f 02       		.uleb128 0x2
 125 0030 01       		.byte	0x1
 126 0031 08       		.byte	0x8
 127 0032 16000000 		.4byte	.LASF1
 128 0036 02       		.uleb128 0x2
 129 0037 02       		.byte	0x2
 130 0038 05       		.byte	0x5
 131 0039 9E010000 		.4byte	.LASF2
 132 003d 02       		.uleb128 0x2
 133 003e 02       		.byte	0x2
 134 003f 07       		.byte	0x7
 135 0040 C4000000 		.4byte	.LASF3
 136 0044 02       		.uleb128 0x2
 137 0045 04       		.byte	0x4
 138 0046 05       		.byte	0x5
 139 0047 A8010000 		.4byte	.LASF4
 140 004b 02       		.uleb128 0x2
 141 004c 04       		.byte	0x4
 142 004d 07       		.byte	0x7
 143 004e B2000000 		.4byte	.LASF5
 144 0052 02       		.uleb128 0x2
 145 0053 08       		.byte	0x8
 146 0054 05       		.byte	0x5
 147 0055 90010000 		.4byte	.LASF6
 148 0059 02       		.uleb128 0x2
 149 005a 08       		.byte	0x8
 150 005b 07       		.byte	0x7
 151 005c 45010000 		.4byte	.LASF7
 152 0060 04       		.uleb128 0x4
 153 0061 04       		.byte	0x4
 154 0062 05       		.byte	0x5
 155 0063 696E7400 		.ascii	"int\000"
 156 0067 02       		.uleb128 0x2
 157 0068 04       		.byte	0x4
 158 0069 07       		.byte	0x7
 159 006a 38010000 		.4byte	.LASF8
 160 006e 03       		.uleb128 0x3
 161 006f 5C010000 		.4byte	.LASF10
 162 0073 02       		.byte	0x2
 163 0074 18       		.byte	0x18
 164 0075 24000000 		.4byte	0x24
 165 0079 05       		.uleb128 0x5
 166 007a 90000000 		.4byte	0x90
 167 007e 89000000 		.4byte	0x89
ARM GAS  C:\Users\nikod\AppData\Local\Temp\ccyiZavQ.s 			page 4


 168 0082 06       		.uleb128 0x6
 169 0083 89000000 		.4byte	0x89
 170 0087 1B       		.byte	0x1b
 171 0088 00       		.byte	0
 172 0089 02       		.uleb128 0x2
 173 008a 04       		.byte	0x4
 174 008b 07       		.byte	0x7
 175 008c 87010000 		.4byte	.LASF11
 176 0090 07       		.uleb128 0x7
 177 0091 6E000000 		.4byte	0x6e
 178 0095 08       		.uleb128 0x8
 179 0096 26010000 		.4byte	.LASF12
 180 009a 03       		.byte	0x3
 181 009b 1F       		.byte	0x1f
 182 009c A6000000 		.4byte	0xa6
 183 00a0 05       		.uleb128 0x5
 184 00a1 03       		.byte	0x3
 185 00a2 00000000 		.4byte	cy_meta_configecc
 186 00a6 07       		.uleb128 0x7
 187 00a7 79000000 		.4byte	0x79
 188 00ab 05       		.uleb128 0x5
 189 00ac 90000000 		.4byte	0x90
 190 00b0 BB000000 		.4byte	0xbb
 191 00b4 06       		.uleb128 0x6
 192 00b5 89000000 		.4byte	0x89
 193 00b9 03       		.byte	0x3
 194 00ba 00       		.byte	0
 195 00bb 08       		.uleb128 0x8
 196 00bc 16010000 		.4byte	.LASF13
 197 00c0 03       		.byte	0x3
 198 00c1 30       		.byte	0x30
 199 00c2 CC000000 		.4byte	0xcc
 200 00c6 05       		.uleb128 0x5
 201 00c7 03       		.byte	0x3
 202 00c8 00000000 		.4byte	cy_meta_custnvl
 203 00cc 07       		.uleb128 0x7
 204 00cd AB000000 		.4byte	0xab
 205 00d1 08       		.uleb128 0x8
 206 00d2 79010000 		.4byte	.LASF14
 207 00d6 03       		.byte	0x3
 208 00d7 3E       		.byte	0x3e
 209 00d8 E2000000 		.4byte	0xe2
 210 00dc 05       		.uleb128 0x5
 211 00dd 03       		.byte	0x3
 212 00de 00000000 		.4byte	cy_meta_wonvl
 213 00e2 07       		.uleb128 0x7
 214 00e3 AB000000 		.4byte	0xab
 215 00e7 05       		.uleb128 0x5
 216 00e8 90000000 		.4byte	0x90
 217 00ec F7000000 		.4byte	0xf7
 218 00f0 06       		.uleb128 0x6
 219 00f1 89000000 		.4byte	0x89
 220 00f5 FF       		.byte	0xff
 221 00f6 00       		.byte	0
 222 00f7 08       		.uleb128 0x8
 223 00f8 64010000 		.4byte	.LASF15
 224 00fc 03       		.byte	0x3
ARM GAS  C:\Users\nikod\AppData\Local\Temp\ccyiZavQ.s 			page 5


 225 00fd 4C       		.byte	0x4c
 226 00fe 08010000 		.4byte	0x108
 227 0102 05       		.uleb128 0x5
 228 0103 03       		.byte	0x3
 229 0104 00000000 		.4byte	cy_meta_flashprotect
 230 0108 07       		.uleb128 0x7
 231 0109 E7000000 		.4byte	0xe7
 232 010d 05       		.uleb128 0x5
 233 010e 90000000 		.4byte	0x90
 234 0112 1D010000 		.4byte	0x11d
 235 0116 06       		.uleb128 0x6
 236 0117 89000000 		.4byte	0x89
 237 011b 0B       		.byte	0xb
 238 011c 00       		.byte	0
 239 011d 08       		.uleb128 0x8
 240 011e 0A000000 		.4byte	.LASF16
 241 0122 03       		.byte	0x3
 242 0123 79       		.byte	0x79
 243 0124 2E010000 		.4byte	0x12e
 244 0128 05       		.uleb128 0x5
 245 0129 03       		.byte	0x3
 246 012a 00000000 		.4byte	cy_metadata
 247 012e 07       		.uleb128 0x7
 248 012f 0D010000 		.4byte	0x10d
 249 0133 00       		.byte	0
 250              		.section	.debug_abbrev,"",%progbits
 251              	.Ldebug_abbrev0:
 252 0000 01       		.uleb128 0x1
 253 0001 11       		.uleb128 0x11
 254 0002 01       		.byte	0x1
 255 0003 25       		.uleb128 0x25
 256 0004 0E       		.uleb128 0xe
 257 0005 13       		.uleb128 0x13
 258 0006 0B       		.uleb128 0xb
 259 0007 03       		.uleb128 0x3
 260 0008 0E       		.uleb128 0xe
 261 0009 1B       		.uleb128 0x1b
 262 000a 0E       		.uleb128 0xe
 263 000b 10       		.uleb128 0x10
 264 000c 17       		.uleb128 0x17
 265 000d 00       		.byte	0
 266 000e 00       		.byte	0
 267 000f 02       		.uleb128 0x2
 268 0010 24       		.uleb128 0x24
 269 0011 00       		.byte	0
 270 0012 0B       		.uleb128 0xb
 271 0013 0B       		.uleb128 0xb
 272 0014 3E       		.uleb128 0x3e
 273 0015 0B       		.uleb128 0xb
 274 0016 03       		.uleb128 0x3
 275 0017 0E       		.uleb128 0xe
 276 0018 00       		.byte	0
 277 0019 00       		.byte	0
 278 001a 03       		.uleb128 0x3
 279 001b 16       		.uleb128 0x16
 280 001c 00       		.byte	0
 281 001d 03       		.uleb128 0x3
ARM GAS  C:\Users\nikod\AppData\Local\Temp\ccyiZavQ.s 			page 6


 282 001e 0E       		.uleb128 0xe
 283 001f 3A       		.uleb128 0x3a
 284 0020 0B       		.uleb128 0xb
 285 0021 3B       		.uleb128 0x3b
 286 0022 0B       		.uleb128 0xb
 287 0023 49       		.uleb128 0x49
 288 0024 13       		.uleb128 0x13
 289 0025 00       		.byte	0
 290 0026 00       		.byte	0
 291 0027 04       		.uleb128 0x4
 292 0028 24       		.uleb128 0x24
 293 0029 00       		.byte	0
 294 002a 0B       		.uleb128 0xb
 295 002b 0B       		.uleb128 0xb
 296 002c 3E       		.uleb128 0x3e
 297 002d 0B       		.uleb128 0xb
 298 002e 03       		.uleb128 0x3
 299 002f 08       		.uleb128 0x8
 300 0030 00       		.byte	0
 301 0031 00       		.byte	0
 302 0032 05       		.uleb128 0x5
 303 0033 01       		.uleb128 0x1
 304 0034 01       		.byte	0x1
 305 0035 49       		.uleb128 0x49
 306 0036 13       		.uleb128 0x13
 307 0037 01       		.uleb128 0x1
 308 0038 13       		.uleb128 0x13
 309 0039 00       		.byte	0
 310 003a 00       		.byte	0
 311 003b 06       		.uleb128 0x6
 312 003c 21       		.uleb128 0x21
 313 003d 00       		.byte	0
 314 003e 49       		.uleb128 0x49
 315 003f 13       		.uleb128 0x13
 316 0040 2F       		.uleb128 0x2f
 317 0041 0B       		.uleb128 0xb
 318 0042 00       		.byte	0
 319 0043 00       		.byte	0
 320 0044 07       		.uleb128 0x7
 321 0045 26       		.uleb128 0x26
 322 0046 00       		.byte	0
 323 0047 49       		.uleb128 0x49
 324 0048 13       		.uleb128 0x13
 325 0049 00       		.byte	0
 326 004a 00       		.byte	0
 327 004b 08       		.uleb128 0x8
 328 004c 34       		.uleb128 0x34
 329 004d 00       		.byte	0
 330 004e 03       		.uleb128 0x3
 331 004f 0E       		.uleb128 0xe
 332 0050 3A       		.uleb128 0x3a
 333 0051 0B       		.uleb128 0xb
 334 0052 3B       		.uleb128 0x3b
 335 0053 0B       		.uleb128 0xb
 336 0054 49       		.uleb128 0x49
 337 0055 13       		.uleb128 0x13
 338 0056 3F       		.uleb128 0x3f
ARM GAS  C:\Users\nikod\AppData\Local\Temp\ccyiZavQ.s 			page 7


 339 0057 19       		.uleb128 0x19
 340 0058 02       		.uleb128 0x2
 341 0059 18       		.uleb128 0x18
 342 005a 00       		.byte	0
 343 005b 00       		.byte	0
 344 005c 00       		.byte	0
 345              		.section	.debug_aranges,"",%progbits
 346 0000 14000000 		.4byte	0x14
 347 0004 0200     		.2byte	0x2
 348 0006 00000000 		.4byte	.Ldebug_info0
 349 000a 04       		.byte	0x4
 350 000b 00       		.byte	0
 351 000c 0000     		.2byte	0
 352 000e 0000     		.2byte	0
 353 0010 00000000 		.4byte	0
 354 0014 00000000 		.4byte	0
 355              		.section	.debug_line,"",%progbits
 356              	.Ldebug_line0:
 357 0000 3D010000 		.section	.debug_str,"MS",%progbits,1
 357      02003701 
 357      00000201 
 357      FB0E0D00 
 357      01010101 
 358              	.LASF9:
 359 0000 5F5F7569 		.ascii	"__uint8_t\000"
 359      6E74385F 
 359      7400
 360              	.LASF16:
 361 000a 63795F6D 		.ascii	"cy_metadata\000"
 361      65746164 
 361      61746100 
 362              	.LASF1:
 363 0016 756E7369 		.ascii	"unsigned char\000"
 363      676E6564 
 363      20636861 
 363      7200
 364              	.LASF17:
 365 0024 474E5520 		.ascii	"GNU C11 5.4.1 20160609 (release) [ARM/embedded-5-br"
 365      43313120 
 365      352E342E 
 365      31203230 
 365      31363036 
 366 0057 616E6368 		.ascii	"anch revision 237715] -mcpu=cortex-m3 -mthumb -g -O"
 366      20726576 
 366      6973696F 
 366      6E203233 
 366      37373135 
 367 008a 67202D66 		.ascii	"g -ffunction-sections -ffat-lto-objects\000"
 367      66756E63 
 367      74696F6E 
 367      2D736563 
 367      74696F6E 
 368              	.LASF5:
 369 00b2 6C6F6E67 		.ascii	"long unsigned int\000"
 369      20756E73 
 369      69676E65 
 369      6420696E 
ARM GAS  C:\Users\nikod\AppData\Local\Temp\ccyiZavQ.s 			page 8


 369      7400
 370              	.LASF3:
 371 00c4 73686F72 		.ascii	"short unsigned int\000"
 371      7420756E 
 371      7369676E 
 371      65642069 
 371      6E7400
 372              	.LASF19:
 373 00d7 433A5C55 		.ascii	"C:\\Users\\nikod\\Documents\\PSoC Creator\\Fototran"
 373      73657273 
 373      5C6E696B 
 373      6F645C44 
 373      6F63756D 
 374 0105 73697374 		.ascii	"sistor\\LED.cydsn\000"
 374      6F725C4C 
 374      45442E63 
 374      7964736E 
 374      00
 375              	.LASF13:
 376 0116 63795F6D 		.ascii	"cy_meta_custnvl\000"
 376      6574615F 
 376      63757374 
 376      6E766C00 
 377              	.LASF12:
 378 0126 63795F6D 		.ascii	"cy_meta_configecc\000"
 378      6574615F 
 378      636F6E66 
 378      69676563 
 378      6300
 379              	.LASF8:
 380 0138 756E7369 		.ascii	"unsigned int\000"
 380      676E6564 
 380      20696E74 
 380      00
 381              	.LASF7:
 382 0145 6C6F6E67 		.ascii	"long long unsigned int\000"
 382      206C6F6E 
 382      6720756E 
 382      7369676E 
 382      65642069 
 383              	.LASF10:
 384 015c 75696E74 		.ascii	"uint8_t\000"
 384      385F7400 
 385              	.LASF15:
 386 0164 63795F6D 		.ascii	"cy_meta_flashprotect\000"
 386      6574615F 
 386      666C6173 
 386      6870726F 
 386      74656374 
 387              	.LASF14:
 388 0179 63795F6D 		.ascii	"cy_meta_wonvl\000"
 388      6574615F 
 388      776F6E76 
 388      6C00
 389              	.LASF11:
 390 0187 73697A65 		.ascii	"sizetype\000"
 390      74797065 
ARM GAS  C:\Users\nikod\AppData\Local\Temp\ccyiZavQ.s 			page 9


 390      00
 391              	.LASF6:
 392 0190 6C6F6E67 		.ascii	"long long int\000"
 392      206C6F6E 
 392      6720696E 
 392      7400
 393              	.LASF2:
 394 019e 73686F72 		.ascii	"short int\000"
 394      7420696E 
 394      7400
 395              	.LASF4:
 396 01a8 6C6F6E67 		.ascii	"long int\000"
 396      20696E74 
 396      00
 397              	.LASF0:
 398 01b1 7369676E 		.ascii	"signed char\000"
 398      65642063 
 398      68617200 
 399              	.LASF18:
 400 01bd 47656E65 		.ascii	"Generated_Source\\PSoC5\\cymetadata.c\000"
 400      72617465 
 400      645F536F 
 400      75726365 
 400      5C50536F 
 401              		.ident	"GCC: (GNU Tools for ARM Embedded Processors) 5.4.1 20160609 (release) [ARM/embedded-5-bran
