ARM GAS  C:\Users\Dell\AppData\Local\Temp\ccTGMBcX.s 			page 1


   1              		.syntax unified
   2              		.cpu cortex-m3
   3              		.fpu softvfp
   4              		.eabi_attribute 20, 1
   5              		.eabi_attribute 21, 1
   6              		.eabi_attribute 23, 3
   7              		.eabi_attribute 24, 1
   8              		.eabi_attribute 25, 1
   9              		.eabi_attribute 26, 1
  10              		.eabi_attribute 30, 1
  11              		.eabi_attribute 34, 1
  12              		.eabi_attribute 18, 4
  13              		.thumb
  14              		.syntax unified
  15              		.file	"cymetadata.c"
  16              		.text
  17              	.Ltext0:
  18              		.cfi_sections	.debug_frame
  19              		.global	cy_metadata
  20              		.global	cy_meta_flashprotect
  21              		.global	cy_meta_wonvl
  22              		.global	cy_meta_custnvl
  23              		.global	cy_meta_configecc
  24              		.section	.cyconfigecc,"a",%progbits
  25              		.align	2
  26              		.type	cy_meta_configecc, %object
  27              		.size	cy_meta_configecc, 1112
  28              	cy_meta_configecc:
  29 0000 04       		.byte	4
  30 0001 52       		.byte	82
  31 0002 00       		.byte	0
  32 0003 40       		.byte	64
  33 0004 03       		.byte	3
  34 0005 64       		.byte	100
  35 0006 00       		.byte	0
  36 0007 40       		.byte	64
  37 0008 09       		.byte	9
  38 0009 00       		.byte	0
  39 000a 01       		.byte	1
  40 000b 40       		.byte	64
  41 000c 32       		.byte	50
  42 000d 01       		.byte	1
  43 000e 01       		.byte	1
  44 000f 40       		.byte	64
  45 0010 49       		.byte	73
  46 0011 02       		.byte	2
  47 0012 01       		.byte	1
  48 0013 40       		.byte	64
  49 0014 4C       		.byte	76
  50 0015 03       		.byte	3
  51 0016 01       		.byte	1
  52 0017 40       		.byte	64
  53 0018 56       		.byte	86
  54 0019 04       		.byte	4
  55 001a 01       		.byte	1
  56 001b 40       		.byte	64
  57 001c 4D       		.byte	77
ARM GAS  C:\Users\Dell\AppData\Local\Temp\ccTGMBcX.s 			page 2


  58 001d 05       		.byte	5
  59 001e 01       		.byte	1
  60 001f 40       		.byte	64
  61 0020 02       		.byte	2
  62 0021 07       		.byte	7
  63 0022 01       		.byte	1
  64 0023 40       		.byte	64
  65 0024 01       		.byte	1
  66 0025 15       		.byte	21
  67 0026 01       		.byte	1
  68 0027 40       		.byte	64
  69 0028 01       		.byte	1
  70 0029 1B       		.byte	27
  71 002a 01       		.byte	1
  72 002b 40       		.byte	64
  73 002c 07       		.byte	7
  74 002d 41       		.byte	65
  75 002e 01       		.byte	1
  76 002f 40       		.byte	64
  77 0030 04       		.byte	4
  78 0031 42       		.byte	66
  79 0032 01       		.byte	1
  80 0033 40       		.byte	64
  81 0034 01       		.byte	1
  82 0035 43       		.byte	67
  83 0036 01       		.byte	1
  84 0037 40       		.byte	64
  85 0038 06       		.byte	6
  86 0039 45       		.byte	69
  87 003a 01       		.byte	1
  88 003b 40       		.byte	64
  89 003c 04       		.byte	4
  90 003d 46       		.byte	70
  91 003e 01       		.byte	1
  92 003f 40       		.byte	64
  93 0040 04       		.byte	4
  94 0041 47       		.byte	71
  95 0042 01       		.byte	1
  96 0043 40       		.byte	64
  97 0044 01       		.byte	1
  98 0045 48       		.byte	72
  99 0046 01       		.byte	1
 100 0047 40       		.byte	64
 101 0048 02       		.byte	2
 102 0049 49       		.byte	73
 103 004a 01       		.byte	1
 104 004b 40       		.byte	64
 105 004c 0B       		.byte	11
 106 004d 4C       		.byte	76
 107 004e 01       		.byte	1
 108 004f 40       		.byte	64
 109 0050 01       		.byte	1
 110 0051 4D       		.byte	77
 111 0052 01       		.byte	1
 112 0053 40       		.byte	64
 113 0054 03       		.byte	3
 114 0055 50       		.byte	80
ARM GAS  C:\Users\Dell\AppData\Local\Temp\ccTGMBcX.s 			page 3


 115 0056 01       		.byte	1
 116 0057 40       		.byte	64
 117 0058 01       		.byte	1
 118 0059 51       		.byte	81
 119 005a 01       		.byte	1
 120 005b 40       		.byte	64
 121 005c 01       		.byte	1
 122 005d 02       		.byte	2
 123 005e 04       		.byte	4
 124 005f 01       		.byte	1
 125 0060 10       		.byte	16
 126 0061 04       		.byte	4
 127 0062 11       		.byte	17
 128 0063 08       		.byte	8
 129 0064 80       		.byte	-128
 130 0065 38       		.byte	56
 131 0066 81       		.byte	-127
 132 0067 72       		.byte	114
 133 0068 83       		.byte	-125
 134 0069 0F       		.byte	15
 135 006a 18       		.byte	24
 136 006b 02       		.byte	2
 137 006c 20       		.byte	32
 138 006d 01       		.byte	1
 139 006e 30       		.byte	48
 140 006f 02       		.byte	2
 141 0070 32       		.byte	50
 142 0071 01       		.byte	1
 143 0072 3E       		.byte	62
 144 0073 05       		.byte	5
 145 0074 54       		.byte	84
 146 0075 18       		.byte	24
 147 0076 58       		.byte	88
 148 0077 04       		.byte	4
 149 0078 5B       		.byte	91
 150 0079 04       		.byte	4
 151 007a 5F       		.byte	95
 152 007b 01       		.byte	1
 153 007c 04       		.byte	4
 154 007d 10       		.byte	16
 155 007e 05       		.byte	5
 156 007f 80       		.byte	-128
 157 0080 06       		.byte	6
 158 0081 A4       		.byte	-92
 159 0082 0A       		.byte	10
 160 0083 08       		.byte	8
 161 0084 0E       		.byte	14
 162 0085 40       		.byte	64
 163 0086 0F       		.byte	15
 164 0087 12       		.byte	18
 165 0088 10       		.byte	16
 166 0089 80       		.byte	-128
 167 008a 15       		.byte	21
 168 008b 40       		.byte	64
 169 008c 16       		.byte	22
 170 008d 48       		.byte	72
 171 008e 17       		.byte	23
ARM GAS  C:\Users\Dell\AppData\Local\Temp\ccTGMBcX.s 			page 4


 172 008f 04       		.byte	4
 173 0090 19       		.byte	25
 174 0091 04       		.byte	4
 175 0092 1A       		.byte	26
 176 0093 80       		.byte	-128
 177 0094 1C       		.byte	28
 178 0095 04       		.byte	4
 179 0096 1D       		.byte	29
 180 0097 48       		.byte	72
 181 0098 1E       		.byte	30
 182 0099 50       		.byte	80
 183 009a 25       		.byte	37
 184 009b 04       		.byte	4
 185 009c 26       		.byte	38
 186 009d 04       		.byte	4
 187 009e 27       		.byte	39
 188 009f 42       		.byte	66
 189 00a0 2D       		.byte	45
 190 00a1 80       		.byte	-128
 191 00a2 2E       		.byte	46
 192 00a3 10       		.byte	16
 193 00a4 2F       		.byte	47
 194 00a5 20       		.byte	32
 195 00a6 36       		.byte	54
 196 00a7 15       		.byte	21
 197 00a8 3D       		.byte	61
 198 00a9 05       		.byte	5
 199 00aa 3E       		.byte	62
 200 00ab A8       		.byte	-88
 201 00ac 45       		.byte	69
 202 00ad 09       		.byte	9
 203 00ae 46       		.byte	70
 204 00af 84       		.byte	-124
 205 00b0 47       		.byte	71
 206 00b1 40       		.byte	64
 207 00b2 4F       		.byte	79
 208 00b3 12       		.byte	18
 209 00b4 56       		.byte	86
 210 00b5 40       		.byte	64
 211 00b6 5B       		.byte	91
 212 00b7 02       		.byte	2
 213 00b8 5E       		.byte	94
 214 00b9 04       		.byte	4
 215 00ba 60       		.byte	96
 216 00bb 04       		.byte	4
 217 00bc 61       		.byte	97
 218 00bd 40       		.byte	64
 219 00be 6D       		.byte	109
 220 00bf 44       		.byte	68
 221 00c0 6F       		.byte	111
 222 00c1 0C       		.byte	12
 223 00c2 74       		.byte	116
 224 00c3 04       		.byte	4
 225 00c4 76       		.byte	118
 226 00c5 03       		.byte	3
 227 00c6 77       		.byte	119
 228 00c7 28       		.byte	40
ARM GAS  C:\Users\Dell\AppData\Local\Temp\ccTGMBcX.s 			page 5


 229 00c8 82       		.byte	-126
 230 00c9 01       		.byte	1
 231 00ca 83       		.byte	-125
 232 00cb 08       		.byte	8
 233 00cc C0       		.byte	-64
 234 00cd F0       		.byte	-16
 235 00ce C2       		.byte	-62
 236 00cf B2       		.byte	-78
 237 00d0 C4       		.byte	-60
 238 00d1 F8       		.byte	-8
 239 00d2 CA       		.byte	-54
 240 00d3 70       		.byte	112
 241 00d4 CC       		.byte	-52
 242 00d5 E0       		.byte	-32
 243 00d6 CE       		.byte	-50
 244 00d7 F0       		.byte	-16
 245 00d8 D0       		.byte	-48
 246 00d9 F0       		.byte	-16
 247 00da D2       		.byte	-46
 248 00db 20       		.byte	32
 249 00dc D6       		.byte	-42
 250 00dd 41       		.byte	65
 251 00de D8       		.byte	-40
 252 00df 0C       		.byte	12
 253 00e0 01       		.byte	1
 254 00e1 04       		.byte	4
 255 00e2 04       		.byte	4
 256 00e3 02       		.byte	2
 257 00e4 05       		.byte	5
 258 00e5 18       		.byte	24
 259 00e6 08       		.byte	8
 260 00e7 02       		.byte	2
 261 00e8 0B       		.byte	11
 262 00e9 01       		.byte	1
 263 00ea 0C       		.byte	12
 264 00eb 02       		.byte	2
 265 00ec 0D       		.byte	13
 266 00ed 07       		.byte	7
 267 00ee 11       		.byte	17
 268 00ef 18       		.byte	24
 269 00f0 14       		.byte	20
 270 00f1 02       		.byte	2
 271 00f2 15       		.byte	21
 272 00f3 02       		.byte	2
 273 00f4 19       		.byte	25
 274 00f5 06       		.byte	6
 275 00f6 1D       		.byte	29
 276 00f7 10       		.byte	16
 277 00f8 1E       		.byte	30
 278 00f9 01       		.byte	1
 279 00fa 1F       		.byte	31
 280 00fb 08       		.byte	8
 281 00fc 20       		.byte	32
 282 00fd 01       		.byte	1
 283 00fe 21       		.byte	33
 284 00ff 07       		.byte	7
 285 0100 25       		.byte	37
ARM GAS  C:\Users\Dell\AppData\Local\Temp\ccTGMBcX.s 			page 6


 286 0101 08       		.byte	8
 287 0102 26       		.byte	38
 288 0103 01       		.byte	1
 289 0104 27       		.byte	39
 290 0105 30       		.byte	48
 291 0106 29       		.byte	41
 292 0107 01       		.byte	1
 293 0108 2A       		.byte	42
 294 0109 01       		.byte	1
 295 010a 2B       		.byte	43
 296 010b 06       		.byte	6
 297 010c 2C       		.byte	44
 298 010d 01       		.byte	1
 299 010e 2D       		.byte	45
 300 010f 06       		.byte	6
 301 0110 2F       		.byte	47
 302 0111 01       		.byte	1
 303 0112 30       		.byte	48
 304 0113 01       		.byte	1
 305 0114 33       		.byte	51
 306 0115 07       		.byte	7
 307 0116 34       		.byte	52
 308 0117 02       		.byte	2
 309 0118 35       		.byte	53
 310 0119 18       		.byte	24
 311 011a 37       		.byte	55
 312 011b 20       		.byte	32
 313 011c 3E       		.byte	62
 314 011d 11       		.byte	17
 315 011e 58       		.byte	88
 316 011f 04       		.byte	4
 317 0120 59       		.byte	89
 318 0121 04       		.byte	4
 319 0122 5F       		.byte	95
 320 0123 01       		.byte	1
 321 0124 83       		.byte	-125
 322 0125 01       		.byte	1
 323 0126 86       		.byte	-122
 324 0127 05       		.byte	5
 325 0128 89       		.byte	-119
 326 0129 02       		.byte	2
 327 012a 8C       		.byte	-116
 328 012b 03       		.byte	3
 329 012c 8D       		.byte	-115
 330 012d 01       		.byte	1
 331 012e 8E       		.byte	-114
 332 012f 0C       		.byte	12
 333 0130 90       		.byte	-112
 334 0131 03       		.byte	3
 335 0132 92       		.byte	-110
 336 0133 04       		.byte	4
 337 0134 9C       		.byte	-100
 338 0135 0A       		.byte	10
 339 0136 9D       		.byte	-99
 340 0137 01       		.byte	1
 341 0138 9E       		.byte	-98
 342 0139 04       		.byte	4
ARM GAS  C:\Users\Dell\AppData\Local\Temp\ccTGMBcX.s 			page 7


 343 013a A8       		.byte	-88
 344 013b 03       		.byte	3
 345 013c AA       		.byte	-86
 346 013d 04       		.byte	4
 347 013e AE       		.byte	-82
 348 013f 08       		.byte	8
 349 0140 B0       		.byte	-80
 350 0141 0F       		.byte	15
 351 0142 B1       		.byte	-79
 352 0143 03       		.byte	3
 353 0144 B9       		.byte	-71
 354 0145 02       		.byte	2
 355 0146 BA       		.byte	-70
 356 0147 02       		.byte	2
 357 0148 BB       		.byte	-69
 358 0149 08       		.byte	8
 359 014a C0       		.byte	-64
 360 014b 42       		.byte	66
 361 014c C1       		.byte	-63
 362 014d 01       		.byte	1
 363 014e C5       		.byte	-59
 364 014f EB       		.byte	-21
 365 0150 C7       		.byte	-57
 366 0151 0C       		.byte	12
 367 0152 C8       		.byte	-56
 368 0153 13       		.byte	19
 369 0154 C9       		.byte	-55
 370 0155 FF       		.byte	-1
 371 0156 CA       		.byte	-54
 372 0157 FF       		.byte	-1
 373 0158 CB       		.byte	-53
 374 0159 FF       		.byte	-1
 375 015a CE       		.byte	-50
 376 015b F0       		.byte	-16
 377 015c CF       		.byte	-49
 378 015d 44       		.byte	68
 379 015e D0       		.byte	-48
 380 015f 0C       		.byte	12
 381 0160 D4       		.byte	-44
 382 0161 01       		.byte	1
 383 0162 D8       		.byte	-40
 384 0163 04       		.byte	4
 385 0164 D9       		.byte	-39
 386 0165 04       		.byte	4
 387 0166 DA       		.byte	-38
 388 0167 04       		.byte	4
 389 0168 DB       		.byte	-37
 390 0169 04       		.byte	4
 391 016a DF       		.byte	-33
 392 016b 01       		.byte	1
 393 016c E6       		.byte	-26
 394 016d C0       		.byte	-64
 395 016e EA       		.byte	-22
 396 016f 40       		.byte	64
 397 0170 EB       		.byte	-21
 398 0171 02       		.byte	2
 399 0172 00       		.byte	0
ARM GAS  C:\Users\Dell\AppData\Local\Temp\ccTGMBcX.s 			page 8


 400 0173 40       		.byte	64
 401 0174 02       		.byte	2
 402 0175 10       		.byte	16
 403 0176 05       		.byte	5
 404 0177 E0       		.byte	-32
 405 0178 06       		.byte	6
 406 0179 20       		.byte	32
 407 017a 07       		.byte	7
 408 017b 14       		.byte	20
 409 017c 08       		.byte	8
 410 017d 02       		.byte	2
 411 017e 0B       		.byte	11
 412 017f 01       		.byte	1
 413 0180 0C       		.byte	12
 414 0181 04       		.byte	4
 415 0182 0F       		.byte	15
 416 0183 11       		.byte	17
 417 0184 10       		.byte	16
 418 0185 08       		.byte	8
 419 0186 12       		.byte	18
 420 0187 02       		.byte	2
 421 0188 14       		.byte	20
 422 0189 12       		.byte	18
 423 018a 15       		.byte	21
 424 018b 28       		.byte	40
 425 018c 16       		.byte	22
 426 018d 40       		.byte	64
 427 018e 17       		.byte	23
 428 018f 40       		.byte	64
 429 0190 18       		.byte	24
 430 0191 C0       		.byte	-64
 431 0192 1E       		.byte	30
 432 0193 44       		.byte	68
 433 0194 21       		.byte	33
 434 0195 02       		.byte	2
 435 0196 22       		.byte	34
 436 0197 02       		.byte	2
 437 0198 23       		.byte	35
 438 0199 10       		.byte	16
 439 019a 24       		.byte	36
 440 019b 18       		.byte	24
 441 019c 26       		.byte	38
 442 019d 10       		.byte	16
 443 019e 27       		.byte	39
 444 019f 01       		.byte	1
 445 01a0 2D       		.byte	45
 446 01a1 A1       		.byte	-95
 447 01a2 2F       		.byte	47
 448 01a3 20       		.byte	32
 449 01a4 33       		.byte	51
 450 01a5 40       		.byte	64
 451 01a6 34       		.byte	52
 452 01a7 80       		.byte	-128
 453 01a8 36       		.byte	54
 454 01a9 01       		.byte	1
 455 01aa 37       		.byte	55
 456 01ab 28       		.byte	40
ARM GAS  C:\Users\Dell\AppData\Local\Temp\ccTGMBcX.s 			page 9


 457 01ac 38       		.byte	56
 458 01ad 80       		.byte	-128
 459 01ae 39       		.byte	57
 460 01af 20       		.byte	32
 461 01b0 3A       		.byte	58
 462 01b1 40       		.byte	64
 463 01b2 3B       		.byte	59
 464 01b3 01       		.byte	1
 465 01b4 3D       		.byte	61
 466 01b5 04       		.byte	4
 467 01b6 3E       		.byte	62
 468 01b7 12       		.byte	18
 469 01b8 3F       		.byte	63
 470 01b9 80       		.byte	-128
 471 01ba 40       		.byte	64
 472 01bb 40       		.byte	64
 473 01bc 41       		.byte	65
 474 01bd 10       		.byte	16
 475 01be 43       		.byte	67
 476 01bf 40       		.byte	64
 477 01c0 48       		.byte	72
 478 01c1 80       		.byte	-128
 479 01c2 49       		.byte	73
 480 01c3 09       		.byte	9
 481 01c4 50       		.byte	80
 482 01c5 08       		.byte	8
 483 01c6 51       		.byte	81
 484 01c7 04       		.byte	4
 485 01c8 58       		.byte	88
 486 01c9 10       		.byte	16
 487 01ca 59       		.byte	89
 488 01cb 05       		.byte	5
 489 01cc 5A       		.byte	90
 490 01cd 40       		.byte	64
 491 01ce 81       		.byte	-127
 492 01cf 21       		.byte	33
 493 01d0 82       		.byte	-126
 494 01d1 20       		.byte	32
 495 01d2 83       		.byte	-125
 496 01d3 40       		.byte	64
 497 01d4 91       		.byte	-111
 498 01d5 04       		.byte	4
 499 01d6 92       		.byte	-110
 500 01d7 10       		.byte	16
 501 01d8 94       		.byte	-108
 502 01d9 10       		.byte	16
 503 01da 95       		.byte	-107
 504 01db 01       		.byte	1
 505 01dc 96       		.byte	-106
 506 01dd 0C       		.byte	12
 507 01de 97       		.byte	-105
 508 01df 10       		.byte	16
 509 01e0 99       		.byte	-103
 510 01e1 04       		.byte	4
 511 01e2 9A       		.byte	-102
 512 01e3 03       		.byte	3
 513 01e4 9B       		.byte	-101
ARM GAS  C:\Users\Dell\AppData\Local\Temp\ccTGMBcX.s 			page 10


 514 01e5 28       		.byte	40
 515 01e6 9D       		.byte	-99
 516 01e7 80       		.byte	-128
 517 01e8 9E       		.byte	-98
 518 01e9 20       		.byte	32
 519 01ea A0       		.byte	-96
 520 01eb 04       		.byte	4
 521 01ec A1       		.byte	-95
 522 01ed 04       		.byte	4
 523 01ee A2       		.byte	-94
 524 01ef 01       		.byte	1
 525 01f0 A4       		.byte	-92
 526 01f1 80       		.byte	-128
 527 01f2 A5       		.byte	-91
 528 01f3 01       		.byte	1
 529 01f4 A6       		.byte	-90
 530 01f5 10       		.byte	16
 531 01f6 A7       		.byte	-89
 532 01f7 20       		.byte	32
 533 01f8 AA       		.byte	-86
 534 01f9 40       		.byte	64
 535 01fa C0       		.byte	-64
 536 01fb E5       		.byte	-27
 537 01fc C2       		.byte	-62
 538 01fd A9       		.byte	-87
 539 01fe C4       		.byte	-60
 540 01ff F3       		.byte	-13
 541 0200 CA       		.byte	-54
 542 0201 F0       		.byte	-16
 543 0202 CC       		.byte	-52
 544 0203 F8       		.byte	-8
 545 0204 CE       		.byte	-50
 546 0205 FD       		.byte	-3
 547 0206 D0       		.byte	-48
 548 0207 0D       		.byte	13
 549 0208 D6       		.byte	-42
 550 0209 0F       		.byte	15
 551 020a 00       		.byte	0
 552 020b 0C       		.byte	12
 553 020c 02       		.byte	2
 554 020d 71       		.byte	113
 555 020e 04       		.byte	4
 556 020f 14       		.byte	20
 557 0210 0B       		.byte	11
 558 0211 03       		.byte	3
 559 0212 0C       		.byte	12
 560 0213 10       		.byte	16
 561 0214 0D       		.byte	13
 562 0215 01       		.byte	1
 563 0216 0E       		.byte	14
 564 0217 AC       		.byte	-84
 565 0218 0F       		.byte	15
 566 0219 06       		.byte	6
 567 021a 10       		.byte	16
 568 021b 09       		.byte	9
 569 021c 12       		.byte	18
 570 021d D0       		.byte	-48
ARM GAS  C:\Users\Dell\AppData\Local\Temp\ccTGMBcX.s 			page 11


 571 021e 13       		.byte	19
 572 021f 0C       		.byte	12
 573 0220 17       		.byte	23
 574 0221 08       		.byte	8
 575 0222 1A       		.byte	26
 576 0223 03       		.byte	3
 577 0224 1D       		.byte	29
 578 0225 0C       		.byte	12
 579 0226 1F       		.byte	31
 580 0227 03       		.byte	3
 581 0228 20       		.byte	32
 582 0229 DC       		.byte	-36
 583 022a 21       		.byte	33
 584 022b 01       		.byte	1
 585 022c 22       		.byte	34
 586 022d 22       		.byte	34
 587 022e 23       		.byte	35
 588 022f 0E       		.byte	14
 589 0230 26       		.byte	38
 590 0231 20       		.byte	32
 591 0232 28       		.byte	40
 592 0233 10       		.byte	16
 593 0234 2A       		.byte	42
 594 0235 40       		.byte	64
 595 0236 30       		.byte	48
 596 0237 E0       		.byte	-32
 597 0238 34       		.byte	52
 598 0239 1F       		.byte	31
 599 023a 37       		.byte	55
 600 023b 0F       		.byte	15
 601 023c 3A       		.byte	58
 602 023d 02       		.byte	2
 603 023e 3B       		.byte	59
 604 023f 80       		.byte	-128
 605 0240 40       		.byte	64
 606 0241 03       		.byte	3
 607 0242 47       		.byte	71
 608 0243 04       		.byte	4
 609 0244 49       		.byte	73
 610 0245 FF       		.byte	-1
 611 0246 4A       		.byte	74
 612 0247 07       		.byte	7
 613 0248 4B       		.byte	75
 614 0249 FF       		.byte	-1
 615 024a 4C       		.byte	76
 616 024b 40       		.byte	64
 617 024c 4D       		.byte	77
 618 024d 20       		.byte	32
 619 024e 4E       		.byte	78
 620 024f F0       		.byte	-16
 621 0250 4F       		.byte	79
 622 0251 05       		.byte	5
 623 0252 50       		.byte	80
 624 0253 08       		.byte	8
 625 0254 58       		.byte	88
 626 0255 04       		.byte	4
 627 0256 59       		.byte	89
ARM GAS  C:\Users\Dell\AppData\Local\Temp\ccTGMBcX.s 			page 12


 628 0257 04       		.byte	4
 629 0258 5A       		.byte	90
 630 0259 04       		.byte	4
 631 025a 5F       		.byte	95
 632 025b 01       		.byte	1
 633 025c 60       		.byte	96
 634 025d 40       		.byte	64
 635 025e 61       		.byte	97
 636 025f A8       		.byte	-88
 637 0260 62       		.byte	98
 638 0261 40       		.byte	64
 639 0262 63       		.byte	99
 640 0263 20       		.byte	32
 641 0264 80       		.byte	-128
 642 0265 18       		.byte	24
 643 0266 81       		.byte	-127
 644 0267 7F       		.byte	127
 645 0268 84       		.byte	-124
 646 0269 06       		.byte	6
 647 026a 85       		.byte	-123
 648 026b 18       		.byte	24
 649 026c 88       		.byte	-120
 650 026d 02       		.byte	2
 651 026e 89       		.byte	-119
 652 026f 67       		.byte	103
 653 0270 8B       		.byte	-117
 654 0271 18       		.byte	24
 655 0272 8C       		.byte	-116
 656 0273 18       		.byte	24
 657 0274 8D       		.byte	-115
 658 0275 60       		.byte	96
 659 0276 90       		.byte	-112
 660 0277 01       		.byte	1
 661 0278 92       		.byte	-110
 662 0279 06       		.byte	6
 663 027a 93       		.byte	-109
 664 027b 04       		.byte	4
 665 027c 95       		.byte	-107
 666 027d 08       		.byte	8
 667 027e 96       		.byte	-106
 668 027f 01       		.byte	1
 669 0280 98       		.byte	-104
 670 0281 06       		.byte	6
 671 0282 99       		.byte	-103
 672 0283 40       		.byte	64
 673 0284 9A       		.byte	-102
 674 0285 01       		.byte	1
 675 0286 9C       		.byte	-100
 676 0287 10       		.byte	16
 677 0288 9D       		.byte	-99
 678 0289 7C       		.byte	124
 679 028a 9F       		.byte	-97
 680 028b 01       		.byte	1
 681 028c A0       		.byte	-96
 682 028d 06       		.byte	6
 683 028e A1       		.byte	-95
 684 028f 1C       		.byte	28
ARM GAS  C:\Users\Dell\AppData\Local\Temp\ccTGMBcX.s 			page 13


 685 0290 A2       		.byte	-94
 686 0291 01       		.byte	1
 687 0292 A3       		.byte	-93
 688 0293 62       		.byte	98
 689 0294 A5       		.byte	-91
 690 0295 24       		.byte	36
 691 0296 A6       		.byte	-90
 692 0297 08       		.byte	8
 693 0298 A8       		.byte	-88
 694 0299 07       		.byte	7
 695 029a AB       		.byte	-85
 696 029b 63       		.byte	99
 697 029c AC       		.byte	-84
 698 029d 04       		.byte	4
 699 029e AD       		.byte	-83
 700 029f 10       		.byte	16
 701 02a0 B2       		.byte	-78
 702 02a1 18       		.byte	24
 703 02a2 B3       		.byte	-77
 704 02a3 1F       		.byte	31
 705 02a4 B5       		.byte	-75
 706 02a5 78       		.byte	120
 707 02a6 B6       		.byte	-74
 708 02a7 07       		.byte	7
 709 02a8 B8       		.byte	-72
 710 02a9 08       		.byte	8
 711 02aa BA       		.byte	-70
 712 02ab 80       		.byte	-128
 713 02ac BB       		.byte	-69
 714 02ad 28       		.byte	40
 715 02ae BE       		.byte	-66
 716 02af 04       		.byte	4
 717 02b0 D8       		.byte	-40
 718 02b1 04       		.byte	4
 719 02b2 D9       		.byte	-39
 720 02b3 04       		.byte	4
 721 02b4 DF       		.byte	-33
 722 02b5 01       		.byte	1
 723 02b6 00       		.byte	0
 724 02b7 40       		.byte	64
 725 02b8 01       		.byte	1
 726 02b9 08       		.byte	8
 727 02ba 03       		.byte	3
 728 02bb 40       		.byte	64
 729 02bc 04       		.byte	4
 730 02bd 84       		.byte	-124
 731 02be 05       		.byte	5
 732 02bf 01       		.byte	1
 733 02c0 07       		.byte	7
 734 02c1 48       		.byte	72
 735 02c2 09       		.byte	9
 736 02c3 02       		.byte	2
 737 02c4 0A       		.byte	10
 738 02c5 04       		.byte	4
 739 02c6 0E       		.byte	14
 740 02c7 18       		.byte	24
 741 02c8 0F       		.byte	15
ARM GAS  C:\Users\Dell\AppData\Local\Temp\ccTGMBcX.s 			page 14


 742 02c9 41       		.byte	65
 743 02ca 10       		.byte	16
 744 02cb 08       		.byte	8
 745 02cc 12       		.byte	18
 746 02cd 10       		.byte	16
 747 02ce 13       		.byte	19
 748 02cf 01       		.byte	1
 749 02d0 14       		.byte	20
 750 02d1 44       		.byte	68
 751 02d2 15       		.byte	21
 752 02d3 40       		.byte	64
 753 02d4 16       		.byte	22
 754 02d5 11       		.byte	17
 755 02d6 19       		.byte	25
 756 02d7 01       		.byte	1
 757 02d8 1A       		.byte	26
 758 02d9 0C       		.byte	12
 759 02da 1D       		.byte	29
 760 02db 40       		.byte	64
 761 02dc 1F       		.byte	31
 762 02dd 08       		.byte	8
 763 02de 22       		.byte	34
 764 02df 40       		.byte	64
 765 02e0 23       		.byte	35
 766 02e1 01       		.byte	1
 767 02e2 25       		.byte	37
 768 02e3 10       		.byte	16
 769 02e4 26       		.byte	38
 770 02e5 24       		.byte	36
 771 02e6 27       		.byte	39
 772 02e7 14       		.byte	20
 773 02e8 29       		.byte	41
 774 02e9 01       		.byte	1
 775 02ea 2C       		.byte	44
 776 02eb 80       		.byte	-128
 777 02ec 2D       		.byte	45
 778 02ed 40       		.byte	64
 779 02ee 2E       		.byte	46
 780 02ef 10       		.byte	16
 781 02f0 2F       		.byte	47
 782 02f1 20       		.byte	32
 783 02f2 30       		.byte	48
 784 02f3 08       		.byte	8
 785 02f4 31       		.byte	49
 786 02f5 02       		.byte	2
 787 02f6 32       		.byte	50
 788 02f7 40       		.byte	64
 789 02f8 34       		.byte	52
 790 02f9 40       		.byte	64
 791 02fa 35       		.byte	53
 792 02fb 40       		.byte	64
 793 02fc 36       		.byte	54
 794 02fd 10       		.byte	16
 795 02fe 37       		.byte	55
 796 02ff 09       		.byte	9
 797 0300 38       		.byte	56
 798 0301 40       		.byte	64
ARM GAS  C:\Users\Dell\AppData\Local\Temp\ccTGMBcX.s 			page 15


 799 0302 39       		.byte	57
 800 0303 20       		.byte	32
 801 0304 3C       		.byte	60
 802 0305 0C       		.byte	12
 803 0306 3D       		.byte	61
 804 0307 21       		.byte	33
 805 0308 3F       		.byte	63
 806 0309 80       		.byte	-128
 807 030a 43       		.byte	67
 808 030b 08       		.byte	8
 809 030c 50       		.byte	80
 810 030d 08       		.byte	8
 811 030e 51       		.byte	81
 812 030f 10       		.byte	16
 813 0310 52       		.byte	82
 814 0311 10       		.byte	16
 815 0312 80       		.byte	-128
 816 0313 80       		.byte	-128
 817 0314 83       		.byte	-125
 818 0315 10       		.byte	16
 819 0316 86       		.byte	-122
 820 0317 20       		.byte	32
 821 0318 87       		.byte	-121
 822 0319 40       		.byte	64
 823 031a 90       		.byte	-112
 824 031b C0       		.byte	-64
 825 031c 91       		.byte	-111
 826 031d 01       		.byte	1
 827 031e 92       		.byte	-110
 828 031f 10       		.byte	16
 829 0320 95       		.byte	-107
 830 0321 20       		.byte	32
 831 0322 96       		.byte	-106
 832 0323 08       		.byte	8
 833 0324 97       		.byte	-105
 834 0325 01       		.byte	1
 835 0326 98       		.byte	-104
 836 0327 04       		.byte	4
 837 0328 99       		.byte	-103
 838 0329 08       		.byte	8
 839 032a 9A       		.byte	-102
 840 032b 01       		.byte	1
 841 032c 9B       		.byte	-101
 842 032d 09       		.byte	9
 843 032e 9D       		.byte	-99
 844 032f 40       		.byte	64
 845 0330 9E       		.byte	-98
 846 0331 10       		.byte	16
 847 0332 9F       		.byte	-97
 848 0333 54       		.byte	84
 849 0334 A0       		.byte	-96
 850 0335 04       		.byte	4
 851 0336 A1       		.byte	-95
 852 0337 06       		.byte	6
 853 0338 A2       		.byte	-94
 854 0339 10       		.byte	16
 855 033a A3       		.byte	-93
ARM GAS  C:\Users\Dell\AppData\Local\Temp\ccTGMBcX.s 			page 16


 856 033b 20       		.byte	32
 857 033c AD       		.byte	-83
 858 033d 01       		.byte	1
 859 033e AF       		.byte	-81
 860 033f 30       		.byte	48
 861 0340 B4       		.byte	-76
 862 0341 84       		.byte	-124
 863 0342 C0       		.byte	-64
 864 0343 FD       		.byte	-3
 865 0344 C2       		.byte	-62
 866 0345 FA       		.byte	-6
 867 0346 C4       		.byte	-60
 868 0347 FE       		.byte	-2
 869 0348 CA       		.byte	-54
 870 0349 F1       		.byte	-15
 871 034a CC       		.byte	-52
 872 034b FB       		.byte	-5
 873 034c CE       		.byte	-50
 874 034d FC       		.byte	-4
 875 034e D0       		.byte	-48
 876 034f 02       		.byte	2
 877 0350 A9       		.byte	-87
 878 0351 04       		.byte	4
 879 0352 AB       		.byte	-85
 880 0353 40       		.byte	64
 881 0354 EA       		.byte	-22
 882 0355 01       		.byte	1
 883 0356 EA       		.byte	-22
 884 0357 01       		.byte	1
 885 0358 03       		.byte	3
 886 0359 80       		.byte	-128
 887 035a 5B       		.byte	91
 888 035b 40       		.byte	64
 889 035c 9B       		.byte	-101
 890 035d 40       		.byte	64
 891 035e AB       		.byte	-85
 892 035f 40       		.byte	64
 893 0360 C0       		.byte	-64
 894 0361 10       		.byte	16
 895 0362 D4       		.byte	-44
 896 0363 80       		.byte	-128
 897 0364 EE       		.byte	-18
 898 0365 80       		.byte	-128
 899 0366 3E       		.byte	62
 900 0367 10       		.byte	16
 901 0368 AF       		.byte	-81
 902 0369 80       		.byte	-128
 903 036a CE       		.byte	-50
 904 036b 20       		.byte	32
 905 036c EC       		.byte	-20
 906 036d 10       		.byte	16
 907 036e 96       		.byte	-106
 908 036f 10       		.byte	16
 909 0370 01       		.byte	1
 910 0371 10       		.byte	16
 911 0372 04       		.byte	4
 912 0373 10       		.byte	16
ARM GAS  C:\Users\Dell\AppData\Local\Temp\ccTGMBcX.s 			page 17


 913 0374 54       		.byte	84
 914 0375 80       		.byte	-128
 915 0376 58       		.byte	88
 916 0377 20       		.byte	32
 917 0378 C0       		.byte	-64
 918 0379 03       		.byte	3
 919 037a D4       		.byte	-44
 920 037b 03       		.byte	3
 921 037c 90       		.byte	-112
 922 037d 10       		.byte	16
 923 037e 91       		.byte	-111
 924 037f 10       		.byte	16
 925 0380 9C       		.byte	-100
 926 0381 20       		.byte	32
 927 0382 A4       		.byte	-92
 928 0383 80       		.byte	-128
 929 0384 90       		.byte	-112
 930 0385 10       		.byte	16
 931 0386 91       		.byte	-111
 932 0387 10       		.byte	16
 933 0388 9C       		.byte	-100
 934 0389 20       		.byte	32
 935 038a A4       		.byte	-92
 936 038b 80       		.byte	-128
 937 038c 96       		.byte	-106
 938 038d 10       		.byte	16
 939 038e AA       		.byte	-86
 940 038f 10       		.byte	16
 941 0390 EA       		.byte	-22
 942 0391 80       		.byte	-128
 943 0392 10       		.byte	16
 944 0393 80       		.byte	-128
 945 0394 13       		.byte	19
 946 0395 20       		.byte	32
 947 0396 14       		.byte	20
 948 0397 20       		.byte	32
 949 0398 79       		.byte	121
 950 0399 10       		.byte	16
 951 039a 7C       		.byte	124
 952 039b 10       		.byte	16
 953 039c 90       		.byte	-112
 954 039d 10       		.byte	16
 955 039e 91       		.byte	-111
 956 039f 10       		.byte	16
 957 03a0 9C       		.byte	-100
 958 03a1 20       		.byte	32
 959 03a2 A4       		.byte	-92
 960 03a3 80       		.byte	-128
 961 03a4 C4       		.byte	-60
 962 03a5 0E       		.byte	14
 963 03a6 DE       		.byte	-34
 964 03a7 03       		.byte	3
 965 03a8 AB       		.byte	-85
 966 03a9 20       		.byte	32
 967 03aa 00       		.byte	0
 968 03ab 01       		.byte	1
 969 03ac 08       		.byte	8
ARM GAS  C:\Users\Dell\AppData\Local\Temp\ccTGMBcX.s 			page 18


 970 03ad 01       		.byte	1
 971 03ae 0A       		.byte	10
 972 03af 01       		.byte	1
 973 03b0 03       		.byte	3
 974 03b1 C0       		.byte	-64
 975 03b2 00       		.byte	0
 976 03b3 00       		.byte	0
 977 03b4 04       		.byte	4
 978 03b5 60       		.byte	96
 979 03b6 00       		.byte	0
 980 03b7 00       		.byte	0
 981 03b8 00       		.byte	0
 982 03b9 07       		.byte	7
 983 03ba 04       		.byte	4
 984 03bb 00       		.byte	0
 985 03bc 00       		.byte	0
 986 03bd 00       		.byte	0
 987 03be 02       		.byte	2
 988 03bf 60       		.byte	96
 989 03c0 00       		.byte	0
 990 03c1 60       		.byte	96
 991 03c2 04       		.byte	4
 992 03c3 00       		.byte	0
 993 03c4 00       		.byte	0
 994 03c5 07       		.byte	7
 995 03c6 08       		.byte	8
 996 03c7 00       		.byte	0
 997 03c8 04       		.byte	4
 998 03c9 61       		.byte	97
 999 03ca 00       		.byte	0
 1000 03cb 0E       		.byte	14
 1001 03cc 00       		.byte	0
 1002 03cd 44       		.byte	68
 1003 03ce 00       		.byte	0
 1004 03cf 11       		.byte	17
 1005 03d0 00       		.byte	0
 1006 03d1 00       		.byte	0
 1007 03d2 02       		.byte	2
 1008 03d3 00       		.byte	0
 1009 03d4 00       		.byte	0
 1010 03d5 00       		.byte	0
 1011 03d6 08       		.byte	8
 1012 03d7 00       		.byte	0
 1013 03d8 01       		.byte	1
 1014 03d9 22       		.byte	34
 1015 03da 00       		.byte	0
 1016 03db 11       		.byte	17
 1017 03dc 01       		.byte	1
 1018 03dd 00       		.byte	0
 1019 03de 00       		.byte	0
 1020 03df 60       		.byte	96
 1021 03e0 01       		.byte	1
 1022 03e1 00       		.byte	0
 1023 03e2 00       		.byte	0
 1024 03e3 60       		.byte	96
 1025 03e4 04       		.byte	4
 1026 03e5 18       		.byte	24
ARM GAS  C:\Users\Dell\AppData\Local\Temp\ccTGMBcX.s 			page 19


 1027 03e6 01       		.byte	1
 1028 03e7 07       		.byte	7
 1029 03e8 08       		.byte	8
 1030 03e9 00       		.byte	0
 1031 03ea 02       		.byte	2
 1032 03eb 60       		.byte	96
 1033 03ec 02       		.byte	2
 1034 03ed 00       		.byte	0
 1035 03ee 00       		.byte	0
 1036 03ef 00       		.byte	0
 1037 03f0 00       		.byte	0
 1038 03f1 00       		.byte	0
 1039 03f2 50       		.byte	80
 1040 03f3 01       		.byte	1
 1041 03f4 43       		.byte	67
 1042 03f5 06       		.byte	6
 1043 03f6 02       		.byte	2
 1044 03f7 00       		.byte	0
 1045 03f8 01       		.byte	1
 1046 03f9 C0       		.byte	-64
 1047 03fa 0E       		.byte	14
 1048 03fb 00       		.byte	0
 1049 03fc 06       		.byte	6
 1050 03fd FF       		.byte	-1
 1051 03fe FF       		.byte	-1
 1052 03ff FF       		.byte	-1
 1053 0400 62       		.byte	98
 1054 0401 A0       		.byte	-96
 1055 0402 F0       		.byte	-16
 1056 0403 41       		.byte	65
 1057 0404 0C       		.byte	12
 1058 0405 00       		.byte	0
 1059 0406 00       		.byte	0
 1060 0407 00       		.byte	0
 1061 0408 00       		.byte	0
 1062 0409 00       		.byte	0
 1063 040a 02       		.byte	2
 1064 040b 12       		.byte	18
 1065 040c 04       		.byte	4
 1066 040d 04       		.byte	4
 1067 040e 04       		.byte	4
 1068 040f 04       		.byte	4
 1069 0410 00       		.byte	0
 1070 0411 00       		.byte	0
 1071 0412 00       		.byte	0
 1072 0413 01       		.byte	1
 1073 0414 00       		.byte	0
 1074 0415 00       		.byte	0
 1075 0416 00       		.byte	0
 1076 0417 00       		.byte	0
 1077 0418 00       		.byte	0
 1078 0419 00       		.byte	0
 1079 041a 40       		.byte	64
 1080 041b 02       		.byte	2
 1081 041c 00       		.byte	0
 1082 041d 10       		.byte	16
 1083 041e 30       		.byte	48
ARM GAS  C:\Users\Dell\AppData\Local\Temp\ccTGMBcX.s 			page 20


 1084 041f 10       		.byte	16
 1085 0420 00       		.byte	0
 1086 0421 10       		.byte	16
 1087 0422 10       		.byte	16
 1088 0423 12       		.byte	18
 1089 0424 00       		.byte	0
 1090 0425 00       		.byte	0
 1091 0426 00       		.byte	0
 1092 0427 00       		.byte	0
 1093 0428 00       		.byte	0
 1094 0429 00       		.byte	0
 1095 042a 00       		.byte	0
 1096 042b 00       		.byte	0
 1097 042c 00       		.byte	0
 1098 042d 00       		.byte	0
 1099 042e 00       		.byte	0
 1100 042f 00       		.byte	0
 1101 0430 00       		.byte	0
 1102 0431 00       		.byte	0
 1103 0432 00       		.byte	0
 1104 0433 00       		.byte	0
 1105 0434 02       		.byte	2
 1106 0435 00       		.byte	0
 1107 0436 01       		.byte	1
 1108 0437 02       		.byte	2
 1109 0438 02       		.byte	2
 1110 0439 00       		.byte	0
 1111 043a 02       		.byte	2
 1112 043b 00       		.byte	0
 1113 043c 00       		.byte	0
 1114 043d 00       		.byte	0
 1115 043e 00       		.byte	0
 1116 043f 00       		.byte	0
 1117 0440 00       		.byte	0
 1118 0441 7F       		.byte	127
 1119 0442 7F       		.byte	127
 1120 0443 00       		.byte	0
 1121 0444 00       		.byte	0
 1122 0445 00       		.byte	0
 1123 0446 00       		.byte	0
 1124 0447 00       		.byte	0
 1125 0448 00       		.byte	0
 1126 0449 0B       		.byte	11
 1127 044a 0B       		.byte	11
 1128 044b 00       		.byte	0
 1129 044c 00       		.byte	0
 1130 044d 00       		.byte	0
 1131 044e 00       		.byte	0
 1132 044f 00       		.byte	0
 1133 0450 00       		.byte	0
 1134 0451 00       		.byte	0
 1135 0452 0C       		.byte	12
 1136 0453 00       		.byte	0
 1137 0454 0C       		.byte	12
 1138 0455 00       		.byte	0
 1139 0456 00       		.byte	0
 1140 0457 00       		.byte	0
ARM GAS  C:\Users\Dell\AppData\Local\Temp\ccTGMBcX.s 			page 21


 1141              		.section	.cywolatch,"a",%progbits
 1142              		.align	2
 1143              		.type	cy_meta_wonvl, %object
 1144              		.size	cy_meta_wonvl, 4
 1145              	cy_meta_wonvl:
 1146 0000 BC       		.byte	-68
 1147 0001 90       		.byte	-112
 1148 0002 AC       		.byte	-84
 1149 0003 AF       		.byte	-81
 1150              		.section	.cycustnvl,"a",%progbits
 1151              		.align	2
 1152              		.type	cy_meta_custnvl, %object
 1153              		.size	cy_meta_custnvl, 4
 1154              	cy_meta_custnvl:
 1155 0000 00       		.byte	0
 1156 0001 00       		.byte	0
 1157 0002 40       		.byte	64
 1158 0003 05       		.byte	5
 1159              		.section	.cymeta,"a",%progbits
 1160              		.align	2
 1161              		.type	cy_metadata, %object
 1162              		.size	cy_metadata, 12
 1163              	cy_metadata:
 1164 0000 00       		.byte	0
 1165 0001 01       		.byte	1
 1166 0002 2E       		.byte	46
 1167 0003 16       		.byte	22
 1168 0004 10       		.byte	16
 1169 0005 69       		.byte	105
 1170 0006 00       		.byte	0
 1171 0007 01       		.byte	1
 1172 0008 00       		.byte	0
 1173 0009 00       		.byte	0
 1174 000a 00       		.byte	0
 1175 000b 00       		.byte	0
 1176              		.section	.cyflashprotect,"a",%progbits
 1177              		.align	2
 1178              		.type	cy_meta_flashprotect, %object
 1179              		.size	cy_meta_flashprotect, 256
 1180              	cy_meta_flashprotect:
 1181 0000 00000000 		.space	256
 1181      00000000 
 1181      00000000 
 1181      00000000 
 1181      00000000 
 1182              		.text
 1183              	.Letext0:
 1184              		.file 1 "c:\\program files (x86)\\cypress\\psoc creator\\4.2\\psoc creator\\import\\gnu\\arm\\5.4.
 1185              		.file 2 "c:\\program files (x86)\\cypress\\psoc creator\\4.2\\psoc creator\\import\\gnu\\arm\\5.4.
 1186              		.file 3 "Generated_Source\\PSoC5\\cymetadata.c"
 1187              		.section	.debug_info,"",%progbits
 1188              	.Ldebug_info0:
 1189 0000 32010000 		.4byte	0x132
 1190 0004 0400     		.2byte	0x4
 1191 0006 00000000 		.4byte	.Ldebug_abbrev0
 1192 000a 04       		.byte	0x4
 1193 000b 01       		.uleb128 0x1
ARM GAS  C:\Users\Dell\AppData\Local\Temp\ccTGMBcX.s 			page 22


 1194 000c 24000000 		.4byte	.LASF17
 1195 0010 0C       		.byte	0xc
 1196 0011 CB010000 		.4byte	.LASF18
 1197 0015 69010000 		.4byte	.LASF19
 1198 0019 00000000 		.4byte	.Ldebug_line0
 1199 001d 02       		.uleb128 0x2
 1200 001e 01       		.byte	0x1
 1201 001f 06       		.byte	0x6
 1202 0020 BF010000 		.4byte	.LASF0
 1203 0024 03       		.uleb128 0x3
 1204 0025 00000000 		.4byte	.LASF9
 1205 0029 01       		.byte	0x1
 1206 002a 1D       		.byte	0x1d
 1207 002b 2F000000 		.4byte	0x2f
 1208 002f 02       		.uleb128 0x2
 1209 0030 01       		.byte	0x1
 1210 0031 08       		.byte	0x8
 1211 0032 16000000 		.4byte	.LASF1
 1212 0036 02       		.uleb128 0x2
 1213 0037 02       		.byte	0x2
 1214 0038 05       		.byte	0x5
 1215 0039 5F010000 		.4byte	.LASF2
 1216 003d 02       		.uleb128 0x2
 1217 003e 02       		.byte	0x2
 1218 003f 07       		.byte	0x7
 1219 0040 C4000000 		.4byte	.LASF3
 1220 0044 02       		.uleb128 0x2
 1221 0045 04       		.byte	0x4
 1222 0046 05       		.byte	0x5
 1223 0047 B6010000 		.4byte	.LASF4
 1224 004b 02       		.uleb128 0x2
 1225 004c 04       		.byte	0x4
 1226 004d 07       		.byte	0x7
 1227 004e B2000000 		.4byte	.LASF5
 1228 0052 02       		.uleb128 0x2
 1229 0053 08       		.byte	0x8
 1230 0054 05       		.byte	0x5
 1231 0055 51010000 		.4byte	.LASF6
 1232 0059 02       		.uleb128 0x2
 1233 005a 08       		.byte	0x8
 1234 005b 07       		.byte	0x7
 1235 005c 06010000 		.4byte	.LASF7
 1236 0060 04       		.uleb128 0x4
 1237 0061 04       		.byte	0x4
 1238 0062 05       		.byte	0x5
 1239 0063 696E7400 		.ascii	"int\000"
 1240 0067 02       		.uleb128 0x2
 1241 0068 04       		.byte	0x4
 1242 0069 07       		.byte	0x7
 1243 006a F9000000 		.4byte	.LASF8
 1244 006e 03       		.uleb128 0x3
 1245 006f 1D010000 		.4byte	.LASF10
 1246 0073 02       		.byte	0x2
 1247 0074 18       		.byte	0x18
 1248 0075 24000000 		.4byte	0x24
 1249 0079 05       		.uleb128 0x5
 1250 007a 91000000 		.4byte	0x91
ARM GAS  C:\Users\Dell\AppData\Local\Temp\ccTGMBcX.s 			page 23


 1251 007e 8A000000 		.4byte	0x8a
 1252 0082 06       		.uleb128 0x6
 1253 0083 8A000000 		.4byte	0x8a
 1254 0087 5704     		.2byte	0x457
 1255 0089 00       		.byte	0
 1256 008a 02       		.uleb128 0x2
 1257 008b 04       		.byte	0x4
 1258 008c 07       		.byte	0x7
 1259 008d 48010000 		.4byte	.LASF11
 1260 0091 07       		.uleb128 0x7
 1261 0092 6E000000 		.4byte	0x6e
 1262 0096 08       		.uleb128 0x8
 1263 0097 E7000000 		.4byte	.LASF12
 1264 009b 03       		.byte	0x3
 1265 009c 1F       		.byte	0x1f
 1266 009d A7000000 		.4byte	0xa7
 1267 00a1 05       		.uleb128 0x5
 1268 00a2 03       		.byte	0x3
 1269 00a3 00000000 		.4byte	cy_meta_configecc
 1270 00a7 07       		.uleb128 0x7
 1271 00a8 79000000 		.4byte	0x79
 1272 00ac 05       		.uleb128 0x5
 1273 00ad 91000000 		.4byte	0x91
 1274 00b1 BC000000 		.4byte	0xbc
 1275 00b5 09       		.uleb128 0x9
 1276 00b6 8A000000 		.4byte	0x8a
 1277 00ba 03       		.byte	0x3
 1278 00bb 00       		.byte	0
 1279 00bc 08       		.uleb128 0x8
 1280 00bd D7000000 		.4byte	.LASF13
 1281 00c1 03       		.byte	0x3
 1282 00c2 B7       		.byte	0xb7
 1283 00c3 CD000000 		.4byte	0xcd
 1284 00c7 05       		.uleb128 0x5
 1285 00c8 03       		.byte	0x3
 1286 00c9 00000000 		.4byte	cy_meta_custnvl
 1287 00cd 07       		.uleb128 0x7
 1288 00ce AC000000 		.4byte	0xac
 1289 00d2 08       		.uleb128 0x8
 1290 00d3 3A010000 		.4byte	.LASF14
 1291 00d7 03       		.byte	0x3
 1292 00d8 C5       		.byte	0xc5
 1293 00d9 E3000000 		.4byte	0xe3
 1294 00dd 05       		.uleb128 0x5
 1295 00de 03       		.byte	0x3
 1296 00df 00000000 		.4byte	cy_meta_wonvl
 1297 00e3 07       		.uleb128 0x7
 1298 00e4 AC000000 		.4byte	0xac
 1299 00e8 05       		.uleb128 0x5
 1300 00e9 91000000 		.4byte	0x91
 1301 00ed F8000000 		.4byte	0xf8
 1302 00f1 09       		.uleb128 0x9
 1303 00f2 8A000000 		.4byte	0x8a
 1304 00f6 FF       		.byte	0xff
 1305 00f7 00       		.byte	0
 1306 00f8 08       		.uleb128 0x8
 1307 00f9 25010000 		.4byte	.LASF15
ARM GAS  C:\Users\Dell\AppData\Local\Temp\ccTGMBcX.s 			page 24


 1308 00fd 03       		.byte	0x3
 1309 00fe D3       		.byte	0xd3
 1310 00ff 09010000 		.4byte	0x109
 1311 0103 05       		.uleb128 0x5
 1312 0104 03       		.byte	0x3
 1313 0105 00000000 		.4byte	cy_meta_flashprotect
 1314 0109 07       		.uleb128 0x7
 1315 010a E8000000 		.4byte	0xe8
 1316 010e 05       		.uleb128 0x5
 1317 010f 91000000 		.4byte	0x91
 1318 0113 1E010000 		.4byte	0x11e
 1319 0117 09       		.uleb128 0x9
 1320 0118 8A000000 		.4byte	0x8a
 1321 011c 0B       		.byte	0xb
 1322 011d 00       		.byte	0
 1323 011e 0A       		.uleb128 0xa
 1324 011f 0A000000 		.4byte	.LASF16
 1325 0123 03       		.byte	0x3
 1326 0124 0001     		.2byte	0x100
 1327 0126 30010000 		.4byte	0x130
 1328 012a 05       		.uleb128 0x5
 1329 012b 03       		.byte	0x3
 1330 012c 00000000 		.4byte	cy_metadata
 1331 0130 07       		.uleb128 0x7
 1332 0131 0E010000 		.4byte	0x10e
 1333 0135 00       		.byte	0
 1334              		.section	.debug_abbrev,"",%progbits
 1335              	.Ldebug_abbrev0:
 1336 0000 01       		.uleb128 0x1
 1337 0001 11       		.uleb128 0x11
 1338 0002 01       		.byte	0x1
 1339 0003 25       		.uleb128 0x25
 1340 0004 0E       		.uleb128 0xe
 1341 0005 13       		.uleb128 0x13
 1342 0006 0B       		.uleb128 0xb
 1343 0007 03       		.uleb128 0x3
 1344 0008 0E       		.uleb128 0xe
 1345 0009 1B       		.uleb128 0x1b
 1346 000a 0E       		.uleb128 0xe
 1347 000b 10       		.uleb128 0x10
 1348 000c 17       		.uleb128 0x17
 1349 000d 00       		.byte	0
 1350 000e 00       		.byte	0
 1351 000f 02       		.uleb128 0x2
 1352 0010 24       		.uleb128 0x24
 1353 0011 00       		.byte	0
 1354 0012 0B       		.uleb128 0xb
 1355 0013 0B       		.uleb128 0xb
 1356 0014 3E       		.uleb128 0x3e
 1357 0015 0B       		.uleb128 0xb
 1358 0016 03       		.uleb128 0x3
 1359 0017 0E       		.uleb128 0xe
 1360 0018 00       		.byte	0
 1361 0019 00       		.byte	0
 1362 001a 03       		.uleb128 0x3
 1363 001b 16       		.uleb128 0x16
 1364 001c 00       		.byte	0
ARM GAS  C:\Users\Dell\AppData\Local\Temp\ccTGMBcX.s 			page 25


 1365 001d 03       		.uleb128 0x3
 1366 001e 0E       		.uleb128 0xe
 1367 001f 3A       		.uleb128 0x3a
 1368 0020 0B       		.uleb128 0xb
 1369 0021 3B       		.uleb128 0x3b
 1370 0022 0B       		.uleb128 0xb
 1371 0023 49       		.uleb128 0x49
 1372 0024 13       		.uleb128 0x13
 1373 0025 00       		.byte	0
 1374 0026 00       		.byte	0
 1375 0027 04       		.uleb128 0x4
 1376 0028 24       		.uleb128 0x24
 1377 0029 00       		.byte	0
 1378 002a 0B       		.uleb128 0xb
 1379 002b 0B       		.uleb128 0xb
 1380 002c 3E       		.uleb128 0x3e
 1381 002d 0B       		.uleb128 0xb
 1382 002e 03       		.uleb128 0x3
 1383 002f 08       		.uleb128 0x8
 1384 0030 00       		.byte	0
 1385 0031 00       		.byte	0
 1386 0032 05       		.uleb128 0x5
 1387 0033 01       		.uleb128 0x1
 1388 0034 01       		.byte	0x1
 1389 0035 49       		.uleb128 0x49
 1390 0036 13       		.uleb128 0x13
 1391 0037 01       		.uleb128 0x1
 1392 0038 13       		.uleb128 0x13
 1393 0039 00       		.byte	0
 1394 003a 00       		.byte	0
 1395 003b 06       		.uleb128 0x6
 1396 003c 21       		.uleb128 0x21
 1397 003d 00       		.byte	0
 1398 003e 49       		.uleb128 0x49
 1399 003f 13       		.uleb128 0x13
 1400 0040 2F       		.uleb128 0x2f
 1401 0041 05       		.uleb128 0x5
 1402 0042 00       		.byte	0
 1403 0043 00       		.byte	0
 1404 0044 07       		.uleb128 0x7
 1405 0045 26       		.uleb128 0x26
 1406 0046 00       		.byte	0
 1407 0047 49       		.uleb128 0x49
 1408 0048 13       		.uleb128 0x13
 1409 0049 00       		.byte	0
 1410 004a 00       		.byte	0
 1411 004b 08       		.uleb128 0x8
 1412 004c 34       		.uleb128 0x34
 1413 004d 00       		.byte	0
 1414 004e 03       		.uleb128 0x3
 1415 004f 0E       		.uleb128 0xe
 1416 0050 3A       		.uleb128 0x3a
 1417 0051 0B       		.uleb128 0xb
 1418 0052 3B       		.uleb128 0x3b
 1419 0053 0B       		.uleb128 0xb
 1420 0054 49       		.uleb128 0x49
 1421 0055 13       		.uleb128 0x13
ARM GAS  C:\Users\Dell\AppData\Local\Temp\ccTGMBcX.s 			page 26


 1422 0056 3F       		.uleb128 0x3f
 1423 0057 19       		.uleb128 0x19
 1424 0058 02       		.uleb128 0x2
 1425 0059 18       		.uleb128 0x18
 1426 005a 00       		.byte	0
 1427 005b 00       		.byte	0
 1428 005c 09       		.uleb128 0x9
 1429 005d 21       		.uleb128 0x21
 1430 005e 00       		.byte	0
 1431 005f 49       		.uleb128 0x49
 1432 0060 13       		.uleb128 0x13
 1433 0061 2F       		.uleb128 0x2f
 1434 0062 0B       		.uleb128 0xb
 1435 0063 00       		.byte	0
 1436 0064 00       		.byte	0
 1437 0065 0A       		.uleb128 0xa
 1438 0066 34       		.uleb128 0x34
 1439 0067 00       		.byte	0
 1440 0068 03       		.uleb128 0x3
 1441 0069 0E       		.uleb128 0xe
 1442 006a 3A       		.uleb128 0x3a
 1443 006b 0B       		.uleb128 0xb
 1444 006c 3B       		.uleb128 0x3b
 1445 006d 05       		.uleb128 0x5
 1446 006e 49       		.uleb128 0x49
 1447 006f 13       		.uleb128 0x13
 1448 0070 3F       		.uleb128 0x3f
 1449 0071 19       		.uleb128 0x19
 1450 0072 02       		.uleb128 0x2
 1451 0073 18       		.uleb128 0x18
 1452 0074 00       		.byte	0
 1453 0075 00       		.byte	0
 1454 0076 00       		.byte	0
 1455              		.section	.debug_aranges,"",%progbits
 1456 0000 14000000 		.4byte	0x14
 1457 0004 0200     		.2byte	0x2
 1458 0006 00000000 		.4byte	.Ldebug_info0
 1459 000a 04       		.byte	0x4
 1460 000b 00       		.byte	0
 1461 000c 0000     		.2byte	0
 1462 000e 0000     		.2byte	0
 1463 0010 00000000 		.4byte	0
 1464 0014 00000000 		.4byte	0
 1465              		.section	.debug_line,"",%progbits
 1466              	.Ldebug_line0:
 1467 0000 3D010000 		.section	.debug_str,"MS",%progbits,1
 1467      02003701 
 1467      00000201 
 1467      FB0E0D00 
 1467      01010101 
 1468              	.LASF9:
 1469 0000 5F5F7569 		.ascii	"__uint8_t\000"
 1469      6E74385F 
 1469      7400
 1470              	.LASF16:
 1471 000a 63795F6D 		.ascii	"cy_metadata\000"
 1471      65746164 
ARM GAS  C:\Users\Dell\AppData\Local\Temp\ccTGMBcX.s 			page 27


 1471      61746100 
 1472              	.LASF1:
 1473 0016 756E7369 		.ascii	"unsigned char\000"
 1473      676E6564 
 1473      20636861 
 1473      7200
 1474              	.LASF17:
 1475 0024 474E5520 		.ascii	"GNU C11 5.4.1 20160609 (release) [ARM/embedded-5-br"
 1475      43313120 
 1475      352E342E 
 1475      31203230 
 1475      31363036 
 1476 0057 616E6368 		.ascii	"anch revision 237715] -mcpu=cortex-m3 -mthumb -g -O"
 1476      20726576 
 1476      6973696F 
 1476      6E203233 
 1476      37373135 
 1477 008a 67202D66 		.ascii	"g -ffunction-sections -ffat-lto-objects\000"
 1477      66756E63 
 1477      74696F6E 
 1477      2D736563 
 1477      74696F6E 
 1478              	.LASF5:
 1479 00b2 6C6F6E67 		.ascii	"long unsigned int\000"
 1479      20756E73 
 1479      69676E65 
 1479      6420696E 
 1479      7400
 1480              	.LASF3:
 1481 00c4 73686F72 		.ascii	"short unsigned int\000"
 1481      7420756E 
 1481      7369676E 
 1481      65642069 
 1481      6E7400
 1482              	.LASF13:
 1483 00d7 63795F6D 		.ascii	"cy_meta_custnvl\000"
 1483      6574615F 
 1483      63757374 
 1483      6E766C00 
 1484              	.LASF12:
 1485 00e7 63795F6D 		.ascii	"cy_meta_configecc\000"
 1485      6574615F 
 1485      636F6E66 
 1485      69676563 
 1485      6300
 1486              	.LASF8:
 1487 00f9 756E7369 		.ascii	"unsigned int\000"
 1487      676E6564 
 1487      20696E74 
 1487      00
 1488              	.LASF7:
 1489 0106 6C6F6E67 		.ascii	"long long unsigned int\000"
 1489      206C6F6E 
 1489      6720756E 
 1489      7369676E 
 1489      65642069 
 1490              	.LASF10:
ARM GAS  C:\Users\Dell\AppData\Local\Temp\ccTGMBcX.s 			page 28


 1491 011d 75696E74 		.ascii	"uint8_t\000"
 1491      385F7400 
 1492              	.LASF15:
 1493 0125 63795F6D 		.ascii	"cy_meta_flashprotect\000"
 1493      6574615F 
 1493      666C6173 
 1493      6870726F 
 1493      74656374 
 1494              	.LASF14:
 1495 013a 63795F6D 		.ascii	"cy_meta_wonvl\000"
 1495      6574615F 
 1495      776F6E76 
 1495      6C00
 1496              	.LASF11:
 1497 0148 73697A65 		.ascii	"sizetype\000"
 1497      74797065 
 1497      00
 1498              	.LASF6:
 1499 0151 6C6F6E67 		.ascii	"long long int\000"
 1499      206C6F6E 
 1499      6720696E 
 1499      7400
 1500              	.LASF2:
 1501 015f 73686F72 		.ascii	"short int\000"
 1501      7420696E 
 1501      7400
 1502              	.LASF19:
 1503 0169 433A5C55 		.ascii	"C:\\Users\\Dell\\Documents\\PSoC Creator\\i2c_tiemp"
 1503      73657273 
 1503      5C44656C 
 1503      6C5C446F 
 1503      63756D65 
 1504 0197 6F5F766F 		.ascii	"o_voltaje_pico\\proyecto4.cydsn\000"
 1504      6C74616A 
 1504      655F7069 
 1504      636F5C70 
 1504      726F7965 
 1505              	.LASF4:
 1506 01b6 6C6F6E67 		.ascii	"long int\000"
 1506      20696E74 
 1506      00
 1507              	.LASF0:
 1508 01bf 7369676E 		.ascii	"signed char\000"
 1508      65642063 
 1508      68617200 
 1509              	.LASF18:
 1510 01cb 47656E65 		.ascii	"Generated_Source\\PSoC5\\cymetadata.c\000"
 1510      72617465 
 1510      645F536F 
 1510      75726365 
 1510      5C50536F 
 1511              		.ident	"GCC: (GNU Tools for ARM Embedded Processors) 5.4.1 20160609 (release) [ARM/embedded-5-bran
