ARM GAS  C:\Users\nikod\AppData\Local\Temp\ccPluWhH.s 			page 1


   1              		.syntax unified
   2              		.cpu cortex-m3
   3              		.fpu softvfp
   4              		.eabi_attribute 20, 1
   5              		.eabi_attribute 21, 1
   6              		.eabi_attribute 23, 3
   7              		.eabi_attribute 24, 1
   8              		.eabi_attribute 25, 1
   9              		.eabi_attribute 26, 1
  10              		.eabi_attribute 30, 1
  11              		.eabi_attribute 34, 1
  12              		.eabi_attribute 18, 4
  13              		.thumb
  14              		.syntax unified
  15              		.file	"main.c"
  16              		.text
  17              	.Ltext0:
  18              		.cfi_sections	.debug_frame
  19              		.section	.text.DS_begintx,"ax",%progbits
  20              		.align	2
  21              		.global	DS_begintx
  22              		.thumb
  23              		.thumb_func
  24              		.type	DS_begintx, %function
  25              	DS_begintx:
  26              	.LFB63:
  27              		.file 1 "main.c"
   1:main.c        **** /* ========================================
   2:main.c        ****  *
   3:main.c        ****  * Copyright YOUR COMPANY, THE YEAR
   4:main.c        ****  * All Rights Reserved
   5:main.c        ****  * UNPUBLISHED, LICENSED SOFTWARE.
   6:main.c        ****  *
   7:main.c        ****  * CONFIDENTIAL AND PROPRIETARY INFORMATION
   8:main.c        ****  * WHICH IS THE PROPERTY OF your company.
   9:main.c        ****  *
  10:main.c        ****  * ========================================
  11:main.c        **** */
  12:main.c        **** #include "project.h"
  13:main.c        **** 
  14:main.c        **** #define DS1307_dir 0x68         
  15:main.c        **** #define ds1307_dir_memory 0x00
  16:main.c        **** #define direccion_de_registro_control 0x07
  17:main.c        **** #define registro_control 0b10010001
  18:main.c        **** 
  19:main.c        **** typedef union
  20:main.c        **** {struct{
  21:main.c        ****   uint8_t sec;
  22:main.c        ****   uint8_t min;
  23:main.c        ****   uint8_t hour;
  24:main.c        ****   uint8_t weekDay;
  25:main.c        ****   uint8_t date;
  26:main.c        ****   uint8_t month;
  27:main.c        ****   uint8_t year;  
  28:main.c        **** };
  29:main.c        **** uint8_t datos[8];
  30:main.c        **** }rtc_t;
ARM GAS  C:\Users\nikod\AppData\Local\Temp\ccPluWhH.s 			page 2


  31:main.c        **** 
  32:main.c        **** rtc_t ds;
  33:main.c        **** uint16 aux[3]={0,3000,1000};
  34:main.c        **** 
  35:main.c        **** 
  36:main.c        **** void DS_begintx (void){
  28              		.loc 1 36 0
  29              		.cfi_startproc
  30              		@ args = 0, pretend = 0, frame = 0
  31              		@ frame_needed = 0, uses_anonymous_args = 0
  32 0000 08B5     		push	{r3, lr}
  33              		.cfi_def_cfa_offset 8
  34              		.cfi_offset 3, -8
  35              		.cfi_offset 14, -4
  36              	.L2:
  37:main.c        ****         do{
  38:main.c        ****                 //Espera mienstras el esclavo le responde
  39:main.c        ****         }while(I2C_MasterSendStart(DS1307_dir, I2C_WRITE_XFER_MODE)!=I2C_MSTR_NO_ERROR);
  37              		.loc 1 39 0 discriminator 1
  38 0002 0021     		movs	r1, #0
  39 0004 6820     		movs	r0, #104
  40 0006 FFF7FEFF 		bl	I2C_MasterSendStart
  41              	.LVL0:
  42 000a 0028     		cmp	r0, #0
  43 000c F9D1     		bne	.L2
  40:main.c        **** }
  44              		.loc 1 40 0
  45 000e 08BD     		pop	{r3, pc}
  46              		.cfi_endproc
  47              	.LFE63:
  48              		.size	DS_begintx, .-DS_begintx
  49              		.section	.text.DS_init,"ax",%progbits
  50              		.align	2
  51              		.global	DS_init
  52              		.thumb
  53              		.thumb_func
  54              		.type	DS_init, %function
  55              	DS_init:
  56              	.LFB64:
  41:main.c        **** 
  42:main.c        **** void DS_init(void){
  57              		.loc 1 42 0
  58              		.cfi_startproc
  59              		@ args = 0, pretend = 0, frame = 0
  60              		@ frame_needed = 0, uses_anonymous_args = 0
  61 0000 08B5     		push	{r3, lr}
  62              		.cfi_def_cfa_offset 8
  63              		.cfi_offset 3, -8
  64              		.cfi_offset 14, -4
  43:main.c        ****     DS_begintx();
  65              		.loc 1 43 0
  66 0002 FFF7FEFF 		bl	DS_begintx
  67              	.LVL1:
  44:main.c        ****     I2C_MasterWriteByte(direccion_de_registro_control);  
  68              		.loc 1 44 0
  69 0006 0720     		movs	r0, #7
  70 0008 FFF7FEFF 		bl	I2C_MasterWriteByte
ARM GAS  C:\Users\nikod\AppData\Local\Temp\ccPluWhH.s 			page 3


  71              	.LVL2:
  45:main.c        ****     I2C_MasterWriteByte(registro_control);
  72              		.loc 1 45 0
  73 000c 9120     		movs	r0, #145
  74 000e FFF7FEFF 		bl	I2C_MasterWriteByte
  75              	.LVL3:
  46:main.c        ****     I2C_MasterSendStop();
  76              		.loc 1 46 0
  77 0012 FFF7FEFF 		bl	I2C_MasterSendStop
  78              	.LVL4:
  79 0016 08BD     		pop	{r3, pc}
  80              		.cfi_endproc
  81              	.LFE64:
  82              		.size	DS_init, .-DS_init
  83              		.section	.text.DS_set_data,"ax",%progbits
  84              		.align	2
  85              		.global	DS_set_data
  86              		.thumb
  87              		.thumb_func
  88              		.type	DS_set_data, %function
  89              	DS_set_data:
  90              	.LFB65:
  47:main.c        ****     
  48:main.c        **** }
  49:main.c        **** 
  50:main.c        **** void DS_set_data(){
  91              		.loc 1 50 0
  92              		.cfi_startproc
  93              		@ args = 0, pretend = 0, frame = 0
  94              		@ frame_needed = 0, uses_anonymous_args = 0
  95 0000 10B5     		push	{r4, lr}
  96              		.cfi_def_cfa_offset 8
  97              		.cfi_offset 4, -8
  98              		.cfi_offset 14, -4
  51:main.c        ****     uint8 i;
  52:main.c        ****     DS_begintx();
  99              		.loc 1 52 0
 100 0002 FFF7FEFF 		bl	DS_begintx
 101              	.LVL5:
  53:main.c        ****     for(i=0;i<=7;i++){
 102              		.loc 1 53 0
 103 0006 0024     		movs	r4, #0
 104 0008 0AE0     		b	.L7
 105              	.LVL6:
 106              	.L8:
  54:main.c        ****         I2C_MasterWriteByte(i);     // Escribe la posicion 
 107              		.loc 1 54 0 discriminator 3
 108 000a 2046     		mov	r0, r4
 109 000c FFF7FEFF 		bl	I2C_MasterWriteByte
 110              	.LVL7:
  55:main.c        ****         I2C_MasterWriteByte(ds.datos[i]);            // Escribe el dato correspondiente
 111              		.loc 1 55 0 discriminator 3
 112 0010 054B     		ldr	r3, .L10
 113 0012 185D     		ldrb	r0, [r3, r4]	@ zero_extendqisi2
 114 0014 FFF7FEFF 		bl	I2C_MasterWriteByte
 115              	.LVL8:
  56:main.c        ****         I2C_MasterSendStop();
ARM GAS  C:\Users\nikod\AppData\Local\Temp\ccPluWhH.s 			page 4


 116              		.loc 1 56 0 discriminator 3
 117 0018 FFF7FEFF 		bl	I2C_MasterSendStop
 118              	.LVL9:
  53:main.c        ****         I2C_MasterWriteByte(i);     // Escribe la posicion 
 119              		.loc 1 53 0 discriminator 3
 120 001c 0134     		adds	r4, r4, #1
 121              	.LVL10:
 122 001e E4B2     		uxtb	r4, r4
 123              	.LVL11:
 124              	.L7:
  53:main.c        ****         I2C_MasterWriteByte(i);     // Escribe la posicion 
 125              		.loc 1 53 0 is_stmt 0 discriminator 1
 126 0020 072C     		cmp	r4, #7
 127 0022 F2D9     		bls	.L8
  57:main.c        ****     }
  58:main.c        **** }
 128              		.loc 1 58 0 is_stmt 1
 129 0024 10BD     		pop	{r4, pc}
 130              	.LVL12:
 131              	.L11:
 132 0026 00BF     		.align	2
 133              	.L10:
 134 0028 00000000 		.word	ds
 135              		.cfi_endproc
 136              	.LFE65:
 137              		.size	DS_set_data, .-DS_set_data
 138              		.section	.text.DS_get_data,"ax",%progbits
 139              		.align	2
 140              		.global	DS_get_data
 141              		.thumb
 142              		.thumb_func
 143              		.type	DS_get_data, %function
 144              	DS_get_data:
 145              	.LFB66:
  59:main.c        **** 
  60:main.c        **** void DS_get_data(){        
 146              		.loc 1 60 0
 147              		.cfi_startproc
 148              		@ args = 0, pretend = 0, frame = 0
 149              		@ frame_needed = 0, uses_anonymous_args = 0
 150 0000 10B5     		push	{r4, lr}
 151              		.cfi_def_cfa_offset 8
 152              		.cfi_offset 4, -8
 153              		.cfi_offset 14, -4
 154              	.LVL13:
  61:main.c        ****         uint8 i;
  62:main.c        ****     
  63:main.c        ****     for(i=0;i<=7;i++){
 155              		.loc 1 63 0
 156 0002 0024     		movs	r4, #0
 157 0004 11E0     		b	.L13
 158              	.LVL14:
 159              	.L14:
  64:main.c        ****         DS_begintx();
 160              		.loc 1 64 0 discriminator 3
 161 0006 FFF7FEFF 		bl	DS_begintx
 162              	.LVL15:
ARM GAS  C:\Users\nikod\AppData\Local\Temp\ccPluWhH.s 			page 5


  65:main.c        ****         I2C_MasterWriteByte(i);//Pone direccion de memoria que quiere leer 
 163              		.loc 1 65 0 discriminator 3
 164 000a 2046     		mov	r0, r4
 165 000c FFF7FEFF 		bl	I2C_MasterWriteByte
 166              	.LVL16:
  66:main.c        ****         I2C_MasterSendRestart(DS1307_dir, I2C_READ_XFER_MODE); // Re transmite para obtener datos
 167              		.loc 1 66 0 discriminator 3
 168 0010 0121     		movs	r1, #1
 169 0012 6820     		movs	r0, #104
 170 0014 FFF7FEFF 		bl	I2C_MasterSendRestart
 171              	.LVL17:
  67:main.c        ****         ds.datos[i]=I2C_MasterReadByte(I2C_NAK_DATA);
 172              		.loc 1 67 0 discriminator 3
 173 0018 0020     		movs	r0, #0
 174 001a FFF7FEFF 		bl	I2C_MasterReadByte
 175              	.LVL18:
 176 001e 044B     		ldr	r3, .L16
 177 0020 1855     		strb	r0, [r3, r4]
  68:main.c        ****         I2C_MasterSendStop();
 178              		.loc 1 68 0 discriminator 3
 179 0022 FFF7FEFF 		bl	I2C_MasterSendStop
 180              	.LVL19:
  63:main.c        ****         DS_begintx();
 181              		.loc 1 63 0 discriminator 3
 182 0026 0134     		adds	r4, r4, #1
 183              	.LVL20:
 184 0028 E4B2     		uxtb	r4, r4
 185              	.LVL21:
 186              	.L13:
  63:main.c        ****         DS_begintx();
 187              		.loc 1 63 0 is_stmt 0 discriminator 1
 188 002a 072C     		cmp	r4, #7
 189 002c EBD9     		bls	.L14
  69:main.c        ****     }
  70:main.c        ****     
  71:main.c        **** }
 190              		.loc 1 71 0 is_stmt 1
 191 002e 10BD     		pop	{r4, pc}
 192              	.LVL22:
 193              	.L17:
 194              		.align	2
 195              	.L16:
 196 0030 00000000 		.word	ds
 197              		.cfi_endproc
 198              	.LFE66:
 199              		.size	DS_get_data, .-DS_get_data
 200              		.section	.text.Inte,"ax",%progbits
 201              		.align	2
 202              		.global	Inte
 203              		.thumb
 204              		.thumb_func
 205              		.type	Inte, %function
 206              	Inte:
 207              	.LFB67:
  72:main.c        **** 
  73:main.c        **** CY_ISR(Inte){
 208              		.loc 1 73 0
ARM GAS  C:\Users\nikod\AppData\Local\Temp\ccPluWhH.s 			page 6


 209              		.cfi_startproc
 210              		@ args = 0, pretend = 0, frame = 0
 211              		@ frame_needed = 0, uses_anonymous_args = 0
 212 0000 10B5     		push	{r4, lr}
 213              		.cfi_def_cfa_offset 8
 214              		.cfi_offset 4, -8
 215              		.cfi_offset 14, -4
 216              	.LVL23:
  74:main.c        ****     uint16 temp=0;
  75:main.c        ****     aux[0]=aux[1];
 217              		.loc 1 75 0
 218 0002 244C     		ldr	r4, .L21
 219 0004 6388     		ldrh	r3, [r4, #2]
 220 0006 2380     		strh	r3, [r4]	@ movhi
  76:main.c        ****     aux[1]=aux[2];
 221              		.loc 1 76 0
 222 0008 A388     		ldrh	r3, [r4, #4]
 223 000a 6380     		strh	r3, [r4, #2]	@ movhi
  77:main.c        ****     ADC_StartConvert();
 224              		.loc 1 77 0
 225 000c FFF7FEFF 		bl	ADC_StartConvert
 226              	.LVL24:
  78:main.c        ****     ADC_IsEndConversion(ADC_WAIT_FOR_RESULT);
 227              		.loc 1 78 0
 228 0010 0020     		movs	r0, #0
 229 0012 FFF7FEFF 		bl	ADC_IsEndConversion
 230              	.LVL25:
  79:main.c        ****     temp=ADC_GetResult16();
 231              		.loc 1 79 0
 232 0016 FFF7FEFF 		bl	ADC_GetResult16
 233              	.LVL26:
  80:main.c        ****     aux[2]=ADC_CountsTo_mVolts(temp);
 234              		.loc 1 80 0
 235 001a FFF7FEFF 		bl	ADC_CountsTo_mVolts
 236              	.LVL27:
 237 001e 80B2     		uxth	r0, r0
 238 0020 A080     		strh	r0, [r4, #4]	@ movhi
  81:main.c        ****     if(aux[1]>=2500){
 239              		.loc 1 81 0
 240 0022 6388     		ldrh	r3, [r4, #2]
 241 0024 40F6C312 		movw	r2, #2499
 242 0028 9342     		cmp	r3, r2
 243 002a 31D9     		bls	.L18
  82:main.c        ****         if((aux[1]>aux[0])&(aux[1]>aux[2])){
 244              		.loc 1 82 0
 245 002c 2288     		ldrh	r2, [r4]
 246 002e 9342     		cmp	r3, r2
 247 0030 94BF     		ite	ls
 248 0032 0022     		movls	r2, #0
 249 0034 0122     		movhi	r2, #1
 250 0036 9842     		cmp	r0, r3
 251 0038 28BF     		it	cs
 252 003a 0022     		movcs	r2, #0
 253 003c 42B3     		cbz	r2, .L18
  83:main.c        ****             DS_get_data();
 254              		.loc 1 83 0
 255 003e FFF7FEFF 		bl	DS_get_data
ARM GAS  C:\Users\nikod\AppData\Local\Temp\ccPluWhH.s 			page 7


 256              	.LVL28:
  84:main.c        ****             LCD_Position(0,0);
 257              		.loc 1 84 0
 258 0042 0021     		movs	r1, #0
 259 0044 0846     		mov	r0, r1
 260 0046 FFF7FEFF 		bl	LCD_Position
 261              	.LVL29:
  85:main.c        ****             LCD_PrintNumber(0x01&(ds.hour>>4));
 262              		.loc 1 85 0
 263 004a 134C     		ldr	r4, .L21+4
 264 004c A078     		ldrb	r0, [r4, #2]	@ zero_extendqisi2
 265 004e C0F30010 		ubfx	r0, r0, #4, #1
 266 0052 FFF7FEFF 		bl	LCD_PrintU32Number
 267              	.LVL30:
  86:main.c        ****             LCD_PrintNumber((0b00001111)&ds.hour);
 268              		.loc 1 86 0
 269 0056 A078     		ldrb	r0, [r4, #2]	@ zero_extendqisi2
 270 0058 00F00F00 		and	r0, r0, #15
 271 005c FFF7FEFF 		bl	LCD_PrintU32Number
 272              	.LVL31:
  87:main.c        ****             LCD_PutChar(':');
 273              		.loc 1 87 0
 274 0060 3A20     		movs	r0, #58
 275 0062 FFF7FEFF 		bl	LCD_PutChar
 276              	.LVL32:
  88:main.c        ****             LCD_PrintNumber(ds.min>>4);
 277              		.loc 1 88 0
 278 0066 6078     		ldrb	r0, [r4, #1]	@ zero_extendqisi2
 279 0068 0009     		lsrs	r0, r0, #4
 280 006a FFF7FEFF 		bl	LCD_PrintU32Number
 281              	.LVL33:
  89:main.c        ****             LCD_PrintNumber((0b00001111)&ds.min);
 282              		.loc 1 89 0
 283 006e 6078     		ldrb	r0, [r4, #1]	@ zero_extendqisi2
 284 0070 00F00F00 		and	r0, r0, #15
 285 0074 FFF7FEFF 		bl	LCD_PrintU32Number
 286              	.LVL34:
  90:main.c        ****             LCD_PutChar(':');       
 287              		.loc 1 90 0
 288 0078 3A20     		movs	r0, #58
 289 007a FFF7FEFF 		bl	LCD_PutChar
 290              	.LVL35:
  91:main.c        ****             LCD_PrintNumber(ds.sec>>4);
 291              		.loc 1 91 0
 292 007e 2078     		ldrb	r0, [r4]	@ zero_extendqisi2
 293 0080 0009     		lsrs	r0, r0, #4
 294 0082 FFF7FEFF 		bl	LCD_PrintU32Number
 295              	.LVL36:
  92:main.c        ****             LCD_PrintNumber((0b00001111)&ds.sec);
 296              		.loc 1 92 0
 297 0086 2078     		ldrb	r0, [r4]	@ zero_extendqisi2
 298 0088 00F00F00 		and	r0, r0, #15
 299 008c FFF7FEFF 		bl	LCD_PrintU32Number
 300              	.LVL37:
 301              	.L18:
 302 0090 10BD     		pop	{r4, pc}
 303              	.L22:
ARM GAS  C:\Users\nikod\AppData\Local\Temp\ccPluWhH.s 			page 8


 304 0092 00BF     		.align	2
 305              	.L21:
 306 0094 00000000 		.word	.LANCHOR0
 307 0098 00000000 		.word	ds
 308              		.cfi_endproc
 309              	.LFE67:
 310              		.size	Inte, .-Inte
 311              		.section	.text.main,"ax",%progbits
 312              		.align	2
 313              		.global	main
 314              		.thumb
 315              		.thumb_func
 316              		.type	main, %function
 317              	main:
 318              	.LFB68:
  93:main.c        ****         }
  94:main.c        ****     
  95:main.c        ****     }
  96:main.c        ****     }
  97:main.c        **** int main(void)
  98:main.c        **** {
 319              		.loc 1 98 0
 320              		.cfi_startproc
 321              		@ Volatile: function does not return.
 322              		@ args = 0, pretend = 0, frame = 0
 323              		@ frame_needed = 0, uses_anonymous_args = 0
 324 0000 08B5     		push	{r3, lr}
 325              		.cfi_def_cfa_offset 8
 326              		.cfi_offset 3, -8
 327              		.cfi_offset 14, -4
  99:main.c        ****     CyGlobalIntEnable; /* Enable global interrupts. */
 328              		.loc 1 99 0
 329              		.syntax unified
 330              	@ 99 "main.c" 1
 331 0002 62B6     		CPSIE   i
 332              	@ 0 "" 2
 100:main.c        ****     LCD_Start();
 333              		.loc 1 100 0
 334              		.thumb
 335              		.syntax unified
 336 0004 FFF7FEFF 		bl	LCD_Start
 337              	.LVL38:
 101:main.c        ****     I2C_Start();
 338              		.loc 1 101 0
 339 0008 FFF7FEFF 		bl	I2C_Start
 340              	.LVL39:
 102:main.c        ****     Timer_Start();
 341              		.loc 1 102 0
 342 000c FFF7FEFF 		bl	Timer_Start
 343              	.LVL40:
 103:main.c        ****     IRS_StartEx(Inte);
 344              		.loc 1 103 0
 345 0010 2048     		ldr	r0, .L26
 346 0012 FFF7FEFF 		bl	IRS_StartEx
 347              	.LVL41:
 104:main.c        ****     ADC_Start();
 348              		.loc 1 104 0
ARM GAS  C:\Users\nikod\AppData\Local\Temp\ccPluWhH.s 			page 9


 349 0016 FFF7FEFF 		bl	ADC_Start
 350              	.LVL42:
 105:main.c        ****     ds.hour = 0x08;
 351              		.loc 1 105 0
 352 001a 1F4B     		ldr	r3, .L26+4
 353 001c 0822     		movs	r2, #8
 354 001e 9A70     		strb	r2, [r3, #2]
 106:main.c        ****     ds.min =  0x54;
 355              		.loc 1 106 0
 356 0020 5422     		movs	r2, #84
 357 0022 5A70     		strb	r2, [r3, #1]
 107:main.c        ****     ds.sec =  0x30; //  08:06:30 am
 358              		.loc 1 107 0
 359 0024 3022     		movs	r2, #48
 360 0026 1A70     		strb	r2, [r3]
 108:main.c        ****     ds.date = 0x09; 
 361              		.loc 1 108 0
 362 0028 0922     		movs	r2, #9
 363 002a 1A71     		strb	r2, [r3, #4]
 109:main.c        ****     ds.month = 0x10;
 364              		.loc 1 109 0
 365 002c 1022     		movs	r2, #16
 366 002e 5A71     		strb	r2, [r3, #5]
 110:main.c        ****     ds.year = 0x18; //1ro octubre 2018
 367              		.loc 1 110 0
 368 0030 1822     		movs	r2, #24
 369 0032 9A71     		strb	r2, [r3, #6]
 111:main.c        ****     ds.weekDay = 5; // Friday: 5th day of week considering monday as first day.
 370              		.loc 1 111 0
 371 0034 0522     		movs	r2, #5
 372 0036 DA70     		strb	r2, [r3, #3]
 373              	.L24:
 112:main.c        ****     //DS_init();//Configura 
 113:main.c        ****     //DS_set_data();    
 114:main.c        ****    
 115:main.c        ****     for(;;)
 116:main.c        ****     {
 117:main.c        ****         DS_get_data();     
 374              		.loc 1 117 0 discriminator 1
 375 0038 FFF7FEFF 		bl	DS_get_data
 376              	.LVL43:
 118:main.c        ****         LCD_Position(1,5);
 377              		.loc 1 118 0 discriminator 1
 378 003c 0521     		movs	r1, #5
 379 003e 0120     		movs	r0, #1
 380 0040 FFF7FEFF 		bl	LCD_Position
 381              	.LVL44:
 119:main.c        ****         LCD_PrintNumber(0x01&(ds.hour>>4));
 382              		.loc 1 119 0 discriminator 1
 383 0044 144C     		ldr	r4, .L26+4
 384 0046 A078     		ldrb	r0, [r4, #2]	@ zero_extendqisi2
 385 0048 C0F30010 		ubfx	r0, r0, #4, #1
 386 004c FFF7FEFF 		bl	LCD_PrintU32Number
 387              	.LVL45:
 120:main.c        ****         LCD_PrintNumber((0b00001111)&ds.hour);
 388              		.loc 1 120 0 discriminator 1
 389 0050 A078     		ldrb	r0, [r4, #2]	@ zero_extendqisi2
ARM GAS  C:\Users\nikod\AppData\Local\Temp\ccPluWhH.s 			page 10


 390 0052 00F00F00 		and	r0, r0, #15
 391 0056 FFF7FEFF 		bl	LCD_PrintU32Number
 392              	.LVL46:
 121:main.c        ****         LCD_PutChar(':');
 393              		.loc 1 121 0 discriminator 1
 394 005a 3A20     		movs	r0, #58
 395 005c FFF7FEFF 		bl	LCD_PutChar
 396              	.LVL47:
 122:main.c        ****         LCD_PrintNumber(ds.min>>4);
 397              		.loc 1 122 0 discriminator 1
 398 0060 6078     		ldrb	r0, [r4, #1]	@ zero_extendqisi2
 399 0062 0009     		lsrs	r0, r0, #4
 400 0064 FFF7FEFF 		bl	LCD_PrintU32Number
 401              	.LVL48:
 123:main.c        ****         LCD_PrintNumber((0b00001111)&ds.min);
 402              		.loc 1 123 0 discriminator 1
 403 0068 6078     		ldrb	r0, [r4, #1]	@ zero_extendqisi2
 404 006a 00F00F00 		and	r0, r0, #15
 405 006e FFF7FEFF 		bl	LCD_PrintU32Number
 406              	.LVL49:
 124:main.c        ****         LCD_PutChar(':');       
 407              		.loc 1 124 0 discriminator 1
 408 0072 3A20     		movs	r0, #58
 409 0074 FFF7FEFF 		bl	LCD_PutChar
 410              	.LVL50:
 125:main.c        ****         LCD_PrintNumber(ds.sec>>4);
 411              		.loc 1 125 0 discriminator 1
 412 0078 2078     		ldrb	r0, [r4]	@ zero_extendqisi2
 413 007a 0009     		lsrs	r0, r0, #4
 414 007c FFF7FEFF 		bl	LCD_PrintU32Number
 415              	.LVL51:
 126:main.c        ****         LCD_PrintNumber((0b00001111)&ds.sec);
 416              		.loc 1 126 0 discriminator 1
 417 0080 2078     		ldrb	r0, [r4]	@ zero_extendqisi2
 418 0082 00F00F00 		and	r0, r0, #15
 419 0086 FFF7FEFF 		bl	LCD_PrintU32Number
 420              	.LVL52:
 127:main.c        ****         CyDelay(500);
 421              		.loc 1 127 0 discriminator 1
 422 008a 4FF4FA70 		mov	r0, #500
 423 008e FFF7FEFF 		bl	CyDelay
 424              	.LVL53:
 425 0092 D1E7     		b	.L24
 426              	.L27:
 427              		.align	2
 428              	.L26:
 429 0094 00000000 		.word	Inte
 430 0098 00000000 		.word	ds
 431              		.cfi_endproc
 432              	.LFE68:
 433              		.size	main, .-main
 434              		.global	aux
 435              		.comm	ds,8,4
 436              		.data
 437              		.align	2
 438              		.set	.LANCHOR0,. + 0
 439              		.type	aux, %object
ARM GAS  C:\Users\nikod\AppData\Local\Temp\ccPluWhH.s 			page 11


 440              		.size	aux, 6
 441              	aux:
 442 0000 0000     		.short	0
 443 0002 B80B     		.short	3000
 444 0004 E803     		.short	1000
 445              		.text
 446              	.Letext0:
 447              		.file 2 "c:\\program files (x86)\\cypress\\psoc creator\\4.2\\psoc creator\\import\\gnu\\arm\\5.4.
 448              		.file 3 "c:\\program files (x86)\\cypress\\psoc creator\\4.2\\psoc creator\\import\\gnu\\arm\\5.4.
 449              		.file 4 "Generated_Source\\PSoC5/cytypes.h"
 450              		.file 5 "Generated_Source\\PSoC5/I2C.h"
 451              		.file 6 "Generated_Source\\PSoC5/ADC.h"
 452              		.file 7 "Generated_Source\\PSoC5/LCD.h"
 453              		.file 8 "Generated_Source\\PSoC5/Timer.h"
 454              		.file 9 "Generated_Source\\PSoC5/IRS.h"
 455              		.file 10 "Generated_Source\\PSoC5/CyLib.h"
 456              		.file 11 "Generated_Source\\PSoC5/core_cm3.h"
 457              		.section	.debug_info,"",%progbits
 458              	.Ldebug_info0:
 459 0000 60050000 		.4byte	0x560
 460 0004 0400     		.2byte	0x4
 461 0006 00000000 		.4byte	.Ldebug_abbrev0
 462 000a 04       		.byte	0x4
 463 000b 01       		.uleb128 0x1
 464 000c FE000000 		.4byte	.LASF51
 465 0010 0C       		.byte	0xc
 466 0011 D3020000 		.4byte	.LASF52
 467 0015 94000000 		.4byte	.LASF53
 468 0019 00000000 		.4byte	.Ldebug_ranges0+0
 469 001d 00000000 		.4byte	0
 470 0021 00000000 		.4byte	.Ldebug_line0
 471 0025 02       		.uleb128 0x2
 472 0026 01       		.byte	0x1
 473 0027 06       		.byte	0x6
 474 0028 35030000 		.4byte	.LASF0
 475 002c 03       		.uleb128 0x3
 476 002d 0E000000 		.4byte	.LASF4
 477 0031 02       		.byte	0x2
 478 0032 1D       		.byte	0x1d
 479 0033 37000000 		.4byte	0x37
 480 0037 02       		.uleb128 0x2
 481 0038 01       		.byte	0x1
 482 0039 08       		.byte	0x8
 483 003a FC020000 		.4byte	.LASF1
 484 003e 02       		.uleb128 0x2
 485 003f 02       		.byte	0x2
 486 0040 05       		.byte	0x5
 487 0041 F2020000 		.4byte	.LASF2
 488 0045 02       		.uleb128 0x2
 489 0046 02       		.byte	0x2
 490 0047 07       		.byte	0x7
 491 0048 BC010000 		.4byte	.LASF3
 492 004c 03       		.uleb128 0x3
 493 004d 30000000 		.4byte	.LASF5
 494 0051 02       		.byte	0x2
 495 0052 3F       		.byte	0x3f
 496 0053 57000000 		.4byte	0x57
ARM GAS  C:\Users\nikod\AppData\Local\Temp\ccPluWhH.s 			page 12


 497 0057 02       		.uleb128 0x2
 498 0058 04       		.byte	0x4
 499 0059 05       		.byte	0x5
 500 005a 20030000 		.4byte	.LASF6
 501 005e 02       		.uleb128 0x2
 502 005f 04       		.byte	0x4
 503 0060 07       		.byte	0x7
 504 0061 0E020000 		.4byte	.LASF7
 505 0065 02       		.uleb128 0x2
 506 0066 08       		.byte	0x8
 507 0067 05       		.byte	0x5
 508 0068 00000000 		.4byte	.LASF8
 509 006c 02       		.uleb128 0x2
 510 006d 08       		.byte	0x8
 511 006e 07       		.byte	0x7
 512 006f 4B020000 		.4byte	.LASF9
 513 0073 04       		.uleb128 0x4
 514 0074 04       		.byte	0x4
 515 0075 05       		.byte	0x5
 516 0076 696E7400 		.ascii	"int\000"
 517 007a 02       		.uleb128 0x2
 518 007b 04       		.byte	0x4
 519 007c 07       		.byte	0x7
 520 007d 3E020000 		.4byte	.LASF10
 521 0081 03       		.uleb128 0x3
 522 0082 62020000 		.4byte	.LASF11
 523 0086 03       		.byte	0x3
 524 0087 18       		.byte	0x18
 525 0088 2C000000 		.4byte	0x2c
 526 008c 03       		.uleb128 0x3
 527 008d AC020000 		.4byte	.LASF12
 528 0091 03       		.byte	0x3
 529 0092 2C       		.byte	0x2c
 530 0093 4C000000 		.4byte	0x4c
 531 0097 05       		.uleb128 0x5
 532 0098 0A030000 		.4byte	.LASF13
 533 009c 04       		.byte	0x4
 534 009d E401     		.2byte	0x1e4
 535 009f 37000000 		.4byte	0x37
 536 00a3 05       		.uleb128 0x5
 537 00a4 25020000 		.4byte	.LASF14
 538 00a8 04       		.byte	0x4
 539 00a9 E501     		.2byte	0x1e5
 540 00ab 45000000 		.4byte	0x45
 541 00af 02       		.uleb128 0x2
 542 00b0 04       		.byte	0x4
 543 00b1 04       		.byte	0x4
 544 00b2 84000000 		.4byte	.LASF15
 545 00b6 02       		.uleb128 0x2
 546 00b7 08       		.byte	0x8
 547 00b8 04       		.byte	0x4
 548 00b9 62000000 		.4byte	.LASF16
 549 00bd 02       		.uleb128 0x2
 550 00be 01       		.byte	0x1
 551 00bf 08       		.byte	0x8
 552 00c0 DA020000 		.4byte	.LASF17
 553 00c4 02       		.uleb128 0x2
ARM GAS  C:\Users\nikod\AppData\Local\Temp\ccPluWhH.s 			page 13


 554 00c5 08       		.byte	0x8
 555 00c6 04       		.byte	0x4
 556 00c7 29030000 		.4byte	.LASF18
 557 00cb 02       		.uleb128 0x2
 558 00cc 04       		.byte	0x4
 559 00cd 07       		.byte	0x7
 560 00ce B4020000 		.4byte	.LASF19
 561 00d2 06       		.uleb128 0x6
 562 00d3 07       		.byte	0x7
 563 00d4 01       		.byte	0x1
 564 00d5 14       		.byte	0x14
 565 00d6 2F010000 		.4byte	0x12f
 566 00da 07       		.uleb128 0x7
 567 00db 73656300 		.ascii	"sec\000"
 568 00df 01       		.byte	0x1
 569 00e0 15       		.byte	0x15
 570 00e1 81000000 		.4byte	0x81
 571 00e5 00       		.byte	0
 572 00e6 07       		.uleb128 0x7
 573 00e7 6D696E00 		.ascii	"min\000"
 574 00eb 01       		.byte	0x1
 575 00ec 16       		.byte	0x16
 576 00ed 81000000 		.4byte	0x81
 577 00f1 01       		.byte	0x1
 578 00f2 08       		.uleb128 0x8
 579 00f3 E3010000 		.4byte	.LASF20
 580 00f7 01       		.byte	0x1
 581 00f8 17       		.byte	0x17
 582 00f9 81000000 		.4byte	0x81
 583 00fd 02       		.byte	0x2
 584 00fe 08       		.uleb128 0x8
 585 00ff 4D030000 		.4byte	.LASF21
 586 0103 01       		.byte	0x1
 587 0104 18       		.byte	0x18
 588 0105 81000000 		.4byte	0x81
 589 0109 03       		.byte	0x3
 590 010a 08       		.uleb128 0x8
 591 010b F9000000 		.4byte	.LASF22
 592 010f 01       		.byte	0x1
 593 0110 19       		.byte	0x19
 594 0111 81000000 		.4byte	0x81
 595 0115 04       		.byte	0x4
 596 0116 08       		.uleb128 0x8
 597 0117 69000000 		.4byte	.LASF23
 598 011b 01       		.byte	0x1
 599 011c 1A       		.byte	0x1a
 600 011d 81000000 		.4byte	0x81
 601 0121 05       		.byte	0x5
 602 0122 08       		.uleb128 0x8
 603 0123 FD010000 		.4byte	.LASF24
 604 0127 01       		.byte	0x1
 605 0128 1B       		.byte	0x1b
 606 0129 81000000 		.4byte	0x81
 607 012d 06       		.byte	0x6
 608 012e 00       		.byte	0
 609 012f 09       		.uleb128 0x9
 610 0130 08       		.byte	0x8
ARM GAS  C:\Users\nikod\AppData\Local\Temp\ccPluWhH.s 			page 14


 611 0131 01       		.byte	0x1
 612 0132 13       		.byte	0x13
 613 0133 48010000 		.4byte	0x148
 614 0137 0A       		.uleb128 0xa
 615 0138 D2000000 		.4byte	0xd2
 616 013c 0B       		.uleb128 0xb
 617 013d 9D010000 		.4byte	.LASF54
 618 0141 01       		.byte	0x1
 619 0142 1D       		.byte	0x1d
 620 0143 48010000 		.4byte	0x148
 621 0147 00       		.byte	0
 622 0148 0C       		.uleb128 0xc
 623 0149 81000000 		.4byte	0x81
 624 014d 58010000 		.4byte	0x158
 625 0151 0D       		.uleb128 0xd
 626 0152 CB000000 		.4byte	0xcb
 627 0156 07       		.byte	0x7
 628 0157 00       		.byte	0
 629 0158 03       		.uleb128 0x3
 630 0159 38020000 		.4byte	.LASF25
 631 015d 01       		.byte	0x1
 632 015e 1E       		.byte	0x1e
 633 015f 2F010000 		.4byte	0x12f
 634 0163 0E       		.uleb128 0xe
 635 0164 6F000000 		.4byte	.LASF26
 636 0168 01       		.byte	0x1
 637 0169 24       		.byte	0x24
 638 016a 00000000 		.4byte	.LFB63
 639 016e 10000000 		.4byte	.LFE63-.LFB63
 640 0172 01       		.uleb128 0x1
 641 0173 9C       		.byte	0x9c
 642 0174 8E010000 		.4byte	0x18e
 643 0178 0F       		.uleb128 0xf
 644 0179 0A000000 		.4byte	.LVL0
 645 017d 9D040000 		.4byte	0x49d
 646 0181 10       		.uleb128 0x10
 647 0182 01       		.uleb128 0x1
 648 0183 50       		.byte	0x50
 649 0184 02       		.uleb128 0x2
 650 0185 08       		.byte	0x8
 651 0186 68       		.byte	0x68
 652 0187 10       		.uleb128 0x10
 653 0188 01       		.uleb128 0x1
 654 0189 51       		.byte	0x51
 655 018a 01       		.uleb128 0x1
 656 018b 30       		.byte	0x30
 657 018c 00       		.byte	0
 658 018d 00       		.byte	0
 659 018e 0E       		.uleb128 0xe
 660 018f F5010000 		.4byte	.LASF27
 661 0193 01       		.byte	0x1
 662 0194 2A       		.byte	0x2a
 663 0195 00000000 		.4byte	.LFB64
 664 0199 18000000 		.4byte	.LFE64-.LFB64
 665 019d 01       		.uleb128 0x1
 666 019e 9C       		.byte	0x9c
 667 019f DD010000 		.4byte	0x1dd
ARM GAS  C:\Users\nikod\AppData\Local\Temp\ccPluWhH.s 			page 15


 668 01a3 11       		.uleb128 0x11
 669 01a4 06000000 		.4byte	.LVL1
 670 01a8 63010000 		.4byte	0x163
 671 01ac 12       		.uleb128 0x12
 672 01ad 0C000000 		.4byte	.LVL2
 673 01b1 A8040000 		.4byte	0x4a8
 674 01b5 BF010000 		.4byte	0x1bf
 675 01b9 10       		.uleb128 0x10
 676 01ba 01       		.uleb128 0x1
 677 01bb 50       		.byte	0x50
 678 01bc 01       		.uleb128 0x1
 679 01bd 37       		.byte	0x37
 680 01be 00       		.byte	0
 681 01bf 12       		.uleb128 0x12
 682 01c0 12000000 		.4byte	.LVL3
 683 01c4 A8040000 		.4byte	0x4a8
 684 01c8 D3010000 		.4byte	0x1d3
 685 01cc 10       		.uleb128 0x10
 686 01cd 01       		.uleb128 0x1
 687 01ce 50       		.byte	0x50
 688 01cf 02       		.uleb128 0x2
 689 01d0 09       		.byte	0x9
 690 01d1 91       		.byte	0x91
 691 01d2 00       		.byte	0
 692 01d3 11       		.uleb128 0x11
 693 01d4 16000000 		.4byte	.LVL4
 694 01d8 B3040000 		.4byte	0x4b3
 695 01dc 00       		.byte	0
 696 01dd 13       		.uleb128 0x13
 697 01de 02020000 		.4byte	.LASF28
 698 01e2 01       		.byte	0x1
 699 01e3 32       		.byte	0x32
 700 01e4 00000000 		.4byte	.LFB65
 701 01e8 2C000000 		.4byte	.LFE65-.LFB65
 702 01ec 01       		.uleb128 0x1
 703 01ed 9C       		.byte	0x9c
 704 01ee 2F020000 		.4byte	0x22f
 705 01f2 14       		.uleb128 0x14
 706 01f3 6900     		.ascii	"i\000"
 707 01f5 01       		.byte	0x1
 708 01f6 33       		.byte	0x33
 709 01f7 97000000 		.4byte	0x97
 710 01fb 00000000 		.4byte	.LLST0
 711 01ff 11       		.uleb128 0x11
 712 0200 06000000 		.4byte	.LVL5
 713 0204 63010000 		.4byte	0x163
 714 0208 12       		.uleb128 0x12
 715 0209 10000000 		.4byte	.LVL7
 716 020d A8040000 		.4byte	0x4a8
 717 0211 1C020000 		.4byte	0x21c
 718 0215 10       		.uleb128 0x10
 719 0216 01       		.uleb128 0x1
 720 0217 50       		.byte	0x50
 721 0218 02       		.uleb128 0x2
 722 0219 74       		.byte	0x74
 723 021a 00       		.sleb128 0
 724 021b 00       		.byte	0
ARM GAS  C:\Users\nikod\AppData\Local\Temp\ccPluWhH.s 			page 16


 725 021c 11       		.uleb128 0x11
 726 021d 18000000 		.4byte	.LVL8
 727 0221 A8040000 		.4byte	0x4a8
 728 0225 11       		.uleb128 0x11
 729 0226 1C000000 		.4byte	.LVL9
 730 022a B3040000 		.4byte	0x4b3
 731 022e 00       		.byte	0
 732 022f 13       		.uleb128 0x13
 733 0230 A0020000 		.4byte	.LASF29
 734 0234 01       		.byte	0x1
 735 0235 3C       		.byte	0x3c
 736 0236 00000000 		.4byte	.LFB66
 737 023a 34000000 		.4byte	.LFE66-.LFB66
 738 023e 01       		.uleb128 0x1
 739 023f 9C       		.byte	0x9c
 740 0240 A4020000 		.4byte	0x2a4
 741 0244 14       		.uleb128 0x14
 742 0245 6900     		.ascii	"i\000"
 743 0247 01       		.byte	0x1
 744 0248 3D       		.byte	0x3d
 745 0249 97000000 		.4byte	0x97
 746 024d 2A000000 		.4byte	.LLST1
 747 0251 11       		.uleb128 0x11
 748 0252 0A000000 		.4byte	.LVL15
 749 0256 63010000 		.4byte	0x163
 750 025a 12       		.uleb128 0x12
 751 025b 10000000 		.4byte	.LVL16
 752 025f A8040000 		.4byte	0x4a8
 753 0263 6E020000 		.4byte	0x26e
 754 0267 10       		.uleb128 0x10
 755 0268 01       		.uleb128 0x1
 756 0269 50       		.byte	0x50
 757 026a 02       		.uleb128 0x2
 758 026b 74       		.byte	0x74
 759 026c 00       		.sleb128 0
 760 026d 00       		.byte	0
 761 026e 12       		.uleb128 0x12
 762 026f 18000000 		.4byte	.LVL17
 763 0273 BE040000 		.4byte	0x4be
 764 0277 87020000 		.4byte	0x287
 765 027b 10       		.uleb128 0x10
 766 027c 01       		.uleb128 0x1
 767 027d 50       		.byte	0x50
 768 027e 02       		.uleb128 0x2
 769 027f 08       		.byte	0x8
 770 0280 68       		.byte	0x68
 771 0281 10       		.uleb128 0x10
 772 0282 01       		.uleb128 0x1
 773 0283 51       		.byte	0x51
 774 0284 01       		.uleb128 0x1
 775 0285 31       		.byte	0x31
 776 0286 00       		.byte	0
 777 0287 12       		.uleb128 0x12
 778 0288 1E000000 		.4byte	.LVL18
 779 028c C9040000 		.4byte	0x4c9
 780 0290 9A020000 		.4byte	0x29a
 781 0294 10       		.uleb128 0x10
ARM GAS  C:\Users\nikod\AppData\Local\Temp\ccPluWhH.s 			page 17


 782 0295 01       		.uleb128 0x1
 783 0296 50       		.byte	0x50
 784 0297 01       		.uleb128 0x1
 785 0298 30       		.byte	0x30
 786 0299 00       		.byte	0
 787 029a 11       		.uleb128 0x11
 788 029b 26000000 		.4byte	.LVL19
 789 029f B3040000 		.4byte	0x4b3
 790 02a3 00       		.byte	0
 791 02a4 0E       		.uleb128 0xe
 792 02a5 2B000000 		.4byte	.LASF30
 793 02a9 01       		.byte	0x1
 794 02aa 49       		.byte	0x49
 795 02ab 00000000 		.4byte	.LFB67
 796 02af 9C000000 		.4byte	.LFE67-.LFB67
 797 02b3 01       		.uleb128 0x1
 798 02b4 9C       		.byte	0x9c
 799 02b5 76030000 		.4byte	0x376
 800 02b9 15       		.uleb128 0x15
 801 02ba B7010000 		.4byte	.LASF31
 802 02be 01       		.byte	0x1
 803 02bf 4A       		.byte	0x4a
 804 02c0 A3000000 		.4byte	0xa3
 805 02c4 54000000 		.4byte	.LLST2
 806 02c8 11       		.uleb128 0x11
 807 02c9 10000000 		.4byte	.LVL24
 808 02cd D4040000 		.4byte	0x4d4
 809 02d1 12       		.uleb128 0x12
 810 02d2 16000000 		.4byte	.LVL25
 811 02d6 DF040000 		.4byte	0x4df
 812 02da E4020000 		.4byte	0x2e4
 813 02de 10       		.uleb128 0x10
 814 02df 01       		.uleb128 0x1
 815 02e0 50       		.byte	0x50
 816 02e1 01       		.uleb128 0x1
 817 02e2 30       		.byte	0x30
 818 02e3 00       		.byte	0
 819 02e4 11       		.uleb128 0x11
 820 02e5 1A000000 		.4byte	.LVL26
 821 02e9 EA040000 		.4byte	0x4ea
 822 02ed 11       		.uleb128 0x11
 823 02ee 1E000000 		.4byte	.LVL27
 824 02f2 F5040000 		.4byte	0x4f5
 825 02f6 11       		.uleb128 0x11
 826 02f7 42000000 		.4byte	.LVL28
 827 02fb 2F020000 		.4byte	0x22f
 828 02ff 12       		.uleb128 0x12
 829 0300 4A000000 		.4byte	.LVL29
 830 0304 00050000 		.4byte	0x500
 831 0308 17030000 		.4byte	0x317
 832 030c 10       		.uleb128 0x10
 833 030d 01       		.uleb128 0x1
 834 030e 50       		.byte	0x50
 835 030f 01       		.uleb128 0x1
 836 0310 30       		.byte	0x30
 837 0311 10       		.uleb128 0x10
 838 0312 01       		.uleb128 0x1
ARM GAS  C:\Users\nikod\AppData\Local\Temp\ccPluWhH.s 			page 18


 839 0313 51       		.byte	0x51
 840 0314 01       		.uleb128 0x1
 841 0315 30       		.byte	0x30
 842 0316 00       		.byte	0
 843 0317 11       		.uleb128 0x11
 844 0318 56000000 		.4byte	.LVL30
 845 031c 0B050000 		.4byte	0x50b
 846 0320 11       		.uleb128 0x11
 847 0321 60000000 		.4byte	.LVL31
 848 0325 0B050000 		.4byte	0x50b
 849 0329 12       		.uleb128 0x12
 850 032a 66000000 		.4byte	.LVL32
 851 032e 16050000 		.4byte	0x516
 852 0332 3D030000 		.4byte	0x33d
 853 0336 10       		.uleb128 0x10
 854 0337 01       		.uleb128 0x1
 855 0338 50       		.byte	0x50
 856 0339 02       		.uleb128 0x2
 857 033a 08       		.byte	0x8
 858 033b 3A       		.byte	0x3a
 859 033c 00       		.byte	0
 860 033d 11       		.uleb128 0x11
 861 033e 6E000000 		.4byte	.LVL33
 862 0342 0B050000 		.4byte	0x50b
 863 0346 11       		.uleb128 0x11
 864 0347 78000000 		.4byte	.LVL34
 865 034b 0B050000 		.4byte	0x50b
 866 034f 12       		.uleb128 0x12
 867 0350 7E000000 		.4byte	.LVL35
 868 0354 16050000 		.4byte	0x516
 869 0358 63030000 		.4byte	0x363
 870 035c 10       		.uleb128 0x10
 871 035d 01       		.uleb128 0x1
 872 035e 50       		.byte	0x50
 873 035f 02       		.uleb128 0x2
 874 0360 08       		.byte	0x8
 875 0361 3A       		.byte	0x3a
 876 0362 00       		.byte	0
 877 0363 11       		.uleb128 0x11
 878 0364 86000000 		.4byte	.LVL36
 879 0368 0B050000 		.4byte	0x50b
 880 036c 11       		.uleb128 0x11
 881 036d 90000000 		.4byte	.LVL37
 882 0371 0B050000 		.4byte	0x50b
 883 0375 00       		.byte	0
 884 0376 16       		.uleb128 0x16
 885 0377 20020000 		.4byte	.LASF55
 886 037b 01       		.byte	0x1
 887 037c 61       		.byte	0x61
 888 037d 73000000 		.4byte	0x73
 889 0381 00000000 		.4byte	.LFB68
 890 0385 9C000000 		.4byte	.LFE68-.LFB68
 891 0389 01       		.uleb128 0x1
 892 038a 9C       		.byte	0x9c
 893 038b 5B040000 		.4byte	0x45b
 894 038f 11       		.uleb128 0x11
 895 0390 08000000 		.4byte	.LVL38
ARM GAS  C:\Users\nikod\AppData\Local\Temp\ccPluWhH.s 			page 19


 896 0394 21050000 		.4byte	0x521
 897 0398 11       		.uleb128 0x11
 898 0399 0C000000 		.4byte	.LVL39
 899 039d 2C050000 		.4byte	0x52c
 900 03a1 11       		.uleb128 0x11
 901 03a2 10000000 		.4byte	.LVL40
 902 03a6 37050000 		.4byte	0x537
 903 03aa 12       		.uleb128 0x12
 904 03ab 16000000 		.4byte	.LVL41
 905 03af 42050000 		.4byte	0x542
 906 03b3 C1030000 		.4byte	0x3c1
 907 03b7 10       		.uleb128 0x10
 908 03b8 01       		.uleb128 0x1
 909 03b9 50       		.byte	0x50
 910 03ba 05       		.uleb128 0x5
 911 03bb 03       		.byte	0x3
 912 03bc 00000000 		.4byte	Inte
 913 03c0 00       		.byte	0
 914 03c1 11       		.uleb128 0x11
 915 03c2 1A000000 		.4byte	.LVL42
 916 03c6 4D050000 		.4byte	0x54d
 917 03ca 11       		.uleb128 0x11
 918 03cb 3C000000 		.4byte	.LVL43
 919 03cf 2F020000 		.4byte	0x22f
 920 03d3 12       		.uleb128 0x12
 921 03d4 44000000 		.4byte	.LVL44
 922 03d8 00050000 		.4byte	0x500
 923 03dc EB030000 		.4byte	0x3eb
 924 03e0 10       		.uleb128 0x10
 925 03e1 01       		.uleb128 0x1
 926 03e2 50       		.byte	0x50
 927 03e3 01       		.uleb128 0x1
 928 03e4 31       		.byte	0x31
 929 03e5 10       		.uleb128 0x10
 930 03e6 01       		.uleb128 0x1
 931 03e7 51       		.byte	0x51
 932 03e8 01       		.uleb128 0x1
 933 03e9 35       		.byte	0x35
 934 03ea 00       		.byte	0
 935 03eb 11       		.uleb128 0x11
 936 03ec 50000000 		.4byte	.LVL45
 937 03f0 0B050000 		.4byte	0x50b
 938 03f4 11       		.uleb128 0x11
 939 03f5 5A000000 		.4byte	.LVL46
 940 03f9 0B050000 		.4byte	0x50b
 941 03fd 12       		.uleb128 0x12
 942 03fe 60000000 		.4byte	.LVL47
 943 0402 16050000 		.4byte	0x516
 944 0406 11040000 		.4byte	0x411
 945 040a 10       		.uleb128 0x10
 946 040b 01       		.uleb128 0x1
 947 040c 50       		.byte	0x50
 948 040d 02       		.uleb128 0x2
 949 040e 08       		.byte	0x8
 950 040f 3A       		.byte	0x3a
 951 0410 00       		.byte	0
 952 0411 11       		.uleb128 0x11
ARM GAS  C:\Users\nikod\AppData\Local\Temp\ccPluWhH.s 			page 20


 953 0412 68000000 		.4byte	.LVL48
 954 0416 0B050000 		.4byte	0x50b
 955 041a 11       		.uleb128 0x11
 956 041b 72000000 		.4byte	.LVL49
 957 041f 0B050000 		.4byte	0x50b
 958 0423 12       		.uleb128 0x12
 959 0424 78000000 		.4byte	.LVL50
 960 0428 16050000 		.4byte	0x516
 961 042c 37040000 		.4byte	0x437
 962 0430 10       		.uleb128 0x10
 963 0431 01       		.uleb128 0x1
 964 0432 50       		.byte	0x50
 965 0433 02       		.uleb128 0x2
 966 0434 08       		.byte	0x8
 967 0435 3A       		.byte	0x3a
 968 0436 00       		.byte	0
 969 0437 11       		.uleb128 0x11
 970 0438 80000000 		.4byte	.LVL51
 971 043c 0B050000 		.4byte	0x50b
 972 0440 11       		.uleb128 0x11
 973 0441 8A000000 		.4byte	.LVL52
 974 0445 0B050000 		.4byte	0x50b
 975 0449 0F       		.uleb128 0xf
 976 044a 92000000 		.4byte	.LVL53
 977 044e 58050000 		.4byte	0x558
 978 0452 10       		.uleb128 0x10
 979 0453 01       		.uleb128 0x1
 980 0454 50       		.byte	0x50
 981 0455 03       		.uleb128 0x3
 982 0456 0A       		.byte	0xa
 983 0457 F401     		.2byte	0x1f4
 984 0459 00       		.byte	0
 985 045a 00       		.byte	0
 986 045b 17       		.uleb128 0x17
 987 045c E8010000 		.4byte	.LASF32
 988 0460 0B       		.byte	0xb
 989 0461 1207     		.2byte	0x712
 990 0463 67040000 		.4byte	0x467
 991 0467 18       		.uleb128 0x18
 992 0468 8C000000 		.4byte	0x8c
 993 046c 19       		.uleb128 0x19
 994 046d 647300   		.ascii	"ds\000"
 995 0470 01       		.byte	0x1
 996 0471 20       		.byte	0x20
 997 0472 58010000 		.4byte	0x158
 998 0476 05       		.uleb128 0x5
 999 0477 03       		.byte	0x3
 1000 0478 00000000 		.4byte	ds
 1001 047c 0C       		.uleb128 0xc
 1002 047d A3000000 		.4byte	0xa3
 1003 0481 8C040000 		.4byte	0x48c
 1004 0485 0D       		.uleb128 0xd
 1005 0486 CB000000 		.4byte	0xcb
 1006 048a 02       		.byte	0x2
 1007 048b 00       		.byte	0
 1008 048c 19       		.uleb128 0x19
 1009 048d 61757800 		.ascii	"aux\000"
ARM GAS  C:\Users\nikod\AppData\Local\Temp\ccPluWhH.s 			page 21


 1010 0491 01       		.byte	0x1
 1011 0492 21       		.byte	0x21
 1012 0493 7C040000 		.4byte	0x47c
 1013 0497 05       		.uleb128 0x5
 1014 0498 03       		.byte	0x3
 1015 0499 00000000 		.4byte	aux
 1016 049d 1A       		.uleb128 0x1a
 1017 049e CF010000 		.4byte	.LASF33
 1018 04a2 CF010000 		.4byte	.LASF33
 1019 04a6 05       		.byte	0x5
 1020 04a7 B1       		.byte	0xb1
 1021 04a8 1A       		.uleb128 0x1a
 1022 04a9 4E000000 		.4byte	.LASF34
 1023 04ad 4E000000 		.4byte	.LASF34
 1024 04b1 05       		.byte	0x5
 1025 04b2 B6       		.byte	0xb6
 1026 04b3 1A       		.uleb128 0x1a
 1027 04b4 18000000 		.4byte	.LASF35
 1028 04b8 18000000 		.4byte	.LASF35
 1029 04bc 05       		.byte	0x5
 1030 04bd B5       		.byte	0xb5
 1031 04be 1A       		.uleb128 0x1a
 1032 04bf BD020000 		.4byte	.LASF36
 1033 04c3 BD020000 		.4byte	.LASF36
 1034 04c7 05       		.byte	0x5
 1035 04c8 B3       		.byte	0xb3
 1036 04c9 1A       		.uleb128 0x1a
 1037 04ca DF020000 		.4byte	.LASF37
 1038 04ce DF020000 		.4byte	.LASF37
 1039 04d2 05       		.byte	0x5
 1040 04d3 B7       		.byte	0xb7
 1041 04d4 1A       		.uleb128 0x1a
 1042 04d5 8C010000 		.4byte	.LASF38
 1043 04d9 8C010000 		.4byte	.LASF38
 1044 04dd 06       		.byte	0x6
 1045 04de D1       		.byte	0xd1
 1046 04df 1A       		.uleb128 0x1a
 1047 04e0 A3010000 		.4byte	.LASF39
 1048 04e4 A3010000 		.4byte	.LASF39
 1049 04e8 06       		.byte	0x6
 1050 04e9 39       		.byte	0x39
 1051 04ea 1A       		.uleb128 0x1a
 1052 04eb 10030000 		.4byte	.LASF40
 1053 04ef 10030000 		.4byte	.LASF40
 1054 04f3 06       		.byte	0x6
 1055 04f4 3B       		.byte	0x3b
 1056 04f5 1A       		.uleb128 0x1a
 1057 04f6 3A000000 		.4byte	.LASF41
 1058 04fa 3A000000 		.4byte	.LASF41
 1059 04fe 06       		.byte	0x6
 1060 04ff 3F       		.byte	0x3f
 1061 0500 1A       		.uleb128 0x1a
 1062 0501 6A020000 		.4byte	.LASF42
 1063 0505 6A020000 		.4byte	.LASF42
 1064 0509 07       		.byte	0x7
 1065 050a 3D       		.byte	0x3d
 1066 050b 1A       		.uleb128 0x1a
ARM GAS  C:\Users\nikod\AppData\Local\Temp\ccPluWhH.s 			page 22


 1067 050c 77020000 		.4byte	.LASF43
 1068 0510 77020000 		.4byte	.LASF43
 1069 0514 07       		.byte	0x7
 1070 0515 61       		.byte	0x61
 1071 0516 1A       		.uleb128 0x1a
 1072 0517 8A020000 		.4byte	.LASF44
 1073 051b 8A020000 		.4byte	.LASF44
 1074 051f 07       		.byte	0x7
 1075 0520 3E       		.byte	0x3e
 1076 0521 1A       		.uleb128 0x1a
 1077 0522 8A000000 		.4byte	.LASF45
 1078 0526 8A000000 		.4byte	.LASF45
 1079 052a 07       		.byte	0x7
 1080 052b 38       		.byte	0x38
 1081 052c 1A       		.uleb128 0x1a
 1082 052d 7A000000 		.4byte	.LASF46
 1083 0531 7A000000 		.4byte	.LASF46
 1084 0535 05       		.byte	0x5
 1085 0536 93       		.byte	0x93
 1086 0537 1A       		.uleb128 0x1a
 1087 0538 2C020000 		.4byte	.LASF47
 1088 053c 2C020000 		.4byte	.LASF47
 1089 0540 08       		.byte	0x8
 1090 0541 5A       		.byte	0x5a
 1091 0542 1A       		.uleb128 0x1a
 1092 0543 41030000 		.4byte	.LASF48
 1093 0547 41030000 		.4byte	.LASF48
 1094 054b 09       		.byte	0x9
 1095 054c 18       		.byte	0x18
 1096 054d 1A       		.uleb128 0x1a
 1097 054e 96020000 		.4byte	.LASF49
 1098 0552 96020000 		.4byte	.LASF49
 1099 0556 06       		.byte	0x6
 1100 0557 34       		.byte	0x34
 1101 0558 1A       		.uleb128 0x1a
 1102 0559 55030000 		.4byte	.LASF50
 1103 055d 55030000 		.4byte	.LASF50
 1104 0561 0A       		.byte	0xa
 1105 0562 76       		.byte	0x76
 1106 0563 00       		.byte	0
 1107              		.section	.debug_abbrev,"",%progbits
 1108              	.Ldebug_abbrev0:
 1109 0000 01       		.uleb128 0x1
 1110 0001 11       		.uleb128 0x11
 1111 0002 01       		.byte	0x1
 1112 0003 25       		.uleb128 0x25
 1113 0004 0E       		.uleb128 0xe
 1114 0005 13       		.uleb128 0x13
 1115 0006 0B       		.uleb128 0xb
 1116 0007 03       		.uleb128 0x3
 1117 0008 0E       		.uleb128 0xe
 1118 0009 1B       		.uleb128 0x1b
 1119 000a 0E       		.uleb128 0xe
 1120 000b 55       		.uleb128 0x55
 1121 000c 17       		.uleb128 0x17
 1122 000d 11       		.uleb128 0x11
 1123 000e 01       		.uleb128 0x1
ARM GAS  C:\Users\nikod\AppData\Local\Temp\ccPluWhH.s 			page 23


 1124 000f 10       		.uleb128 0x10
 1125 0010 17       		.uleb128 0x17
 1126 0011 00       		.byte	0
 1127 0012 00       		.byte	0
 1128 0013 02       		.uleb128 0x2
 1129 0014 24       		.uleb128 0x24
 1130 0015 00       		.byte	0
 1131 0016 0B       		.uleb128 0xb
 1132 0017 0B       		.uleb128 0xb
 1133 0018 3E       		.uleb128 0x3e
 1134 0019 0B       		.uleb128 0xb
 1135 001a 03       		.uleb128 0x3
 1136 001b 0E       		.uleb128 0xe
 1137 001c 00       		.byte	0
 1138 001d 00       		.byte	0
 1139 001e 03       		.uleb128 0x3
 1140 001f 16       		.uleb128 0x16
 1141 0020 00       		.byte	0
 1142 0021 03       		.uleb128 0x3
 1143 0022 0E       		.uleb128 0xe
 1144 0023 3A       		.uleb128 0x3a
 1145 0024 0B       		.uleb128 0xb
 1146 0025 3B       		.uleb128 0x3b
 1147 0026 0B       		.uleb128 0xb
 1148 0027 49       		.uleb128 0x49
 1149 0028 13       		.uleb128 0x13
 1150 0029 00       		.byte	0
 1151 002a 00       		.byte	0
 1152 002b 04       		.uleb128 0x4
 1153 002c 24       		.uleb128 0x24
 1154 002d 00       		.byte	0
 1155 002e 0B       		.uleb128 0xb
 1156 002f 0B       		.uleb128 0xb
 1157 0030 3E       		.uleb128 0x3e
 1158 0031 0B       		.uleb128 0xb
 1159 0032 03       		.uleb128 0x3
 1160 0033 08       		.uleb128 0x8
 1161 0034 00       		.byte	0
 1162 0035 00       		.byte	0
 1163 0036 05       		.uleb128 0x5
 1164 0037 16       		.uleb128 0x16
 1165 0038 00       		.byte	0
 1166 0039 03       		.uleb128 0x3
 1167 003a 0E       		.uleb128 0xe
 1168 003b 3A       		.uleb128 0x3a
 1169 003c 0B       		.uleb128 0xb
 1170 003d 3B       		.uleb128 0x3b
 1171 003e 05       		.uleb128 0x5
 1172 003f 49       		.uleb128 0x49
 1173 0040 13       		.uleb128 0x13
 1174 0041 00       		.byte	0
 1175 0042 00       		.byte	0
 1176 0043 06       		.uleb128 0x6
 1177 0044 13       		.uleb128 0x13
 1178 0045 01       		.byte	0x1
 1179 0046 0B       		.uleb128 0xb
 1180 0047 0B       		.uleb128 0xb
ARM GAS  C:\Users\nikod\AppData\Local\Temp\ccPluWhH.s 			page 24


 1181 0048 3A       		.uleb128 0x3a
 1182 0049 0B       		.uleb128 0xb
 1183 004a 3B       		.uleb128 0x3b
 1184 004b 0B       		.uleb128 0xb
 1185 004c 01       		.uleb128 0x1
 1186 004d 13       		.uleb128 0x13
 1187 004e 00       		.byte	0
 1188 004f 00       		.byte	0
 1189 0050 07       		.uleb128 0x7
 1190 0051 0D       		.uleb128 0xd
 1191 0052 00       		.byte	0
 1192 0053 03       		.uleb128 0x3
 1193 0054 08       		.uleb128 0x8
 1194 0055 3A       		.uleb128 0x3a
 1195 0056 0B       		.uleb128 0xb
 1196 0057 3B       		.uleb128 0x3b
 1197 0058 0B       		.uleb128 0xb
 1198 0059 49       		.uleb128 0x49
 1199 005a 13       		.uleb128 0x13
 1200 005b 38       		.uleb128 0x38
 1201 005c 0B       		.uleb128 0xb
 1202 005d 00       		.byte	0
 1203 005e 00       		.byte	0
 1204 005f 08       		.uleb128 0x8
 1205 0060 0D       		.uleb128 0xd
 1206 0061 00       		.byte	0
 1207 0062 03       		.uleb128 0x3
 1208 0063 0E       		.uleb128 0xe
 1209 0064 3A       		.uleb128 0x3a
 1210 0065 0B       		.uleb128 0xb
 1211 0066 3B       		.uleb128 0x3b
 1212 0067 0B       		.uleb128 0xb
 1213 0068 49       		.uleb128 0x49
 1214 0069 13       		.uleb128 0x13
 1215 006a 38       		.uleb128 0x38
 1216 006b 0B       		.uleb128 0xb
 1217 006c 00       		.byte	0
 1218 006d 00       		.byte	0
 1219 006e 09       		.uleb128 0x9
 1220 006f 17       		.uleb128 0x17
 1221 0070 01       		.byte	0x1
 1222 0071 0B       		.uleb128 0xb
 1223 0072 0B       		.uleb128 0xb
 1224 0073 3A       		.uleb128 0x3a
 1225 0074 0B       		.uleb128 0xb
 1226 0075 3B       		.uleb128 0x3b
 1227 0076 0B       		.uleb128 0xb
 1228 0077 01       		.uleb128 0x1
 1229 0078 13       		.uleb128 0x13
 1230 0079 00       		.byte	0
 1231 007a 00       		.byte	0
 1232 007b 0A       		.uleb128 0xa
 1233 007c 0D       		.uleb128 0xd
 1234 007d 00       		.byte	0
 1235 007e 49       		.uleb128 0x49
 1236 007f 13       		.uleb128 0x13
 1237 0080 00       		.byte	0
ARM GAS  C:\Users\nikod\AppData\Local\Temp\ccPluWhH.s 			page 25


 1238 0081 00       		.byte	0
 1239 0082 0B       		.uleb128 0xb
 1240 0083 0D       		.uleb128 0xd
 1241 0084 00       		.byte	0
 1242 0085 03       		.uleb128 0x3
 1243 0086 0E       		.uleb128 0xe
 1244 0087 3A       		.uleb128 0x3a
 1245 0088 0B       		.uleb128 0xb
 1246 0089 3B       		.uleb128 0x3b
 1247 008a 0B       		.uleb128 0xb
 1248 008b 49       		.uleb128 0x49
 1249 008c 13       		.uleb128 0x13
 1250 008d 00       		.byte	0
 1251 008e 00       		.byte	0
 1252 008f 0C       		.uleb128 0xc
 1253 0090 01       		.uleb128 0x1
 1254 0091 01       		.byte	0x1
 1255 0092 49       		.uleb128 0x49
 1256 0093 13       		.uleb128 0x13
 1257 0094 01       		.uleb128 0x1
 1258 0095 13       		.uleb128 0x13
 1259 0096 00       		.byte	0
 1260 0097 00       		.byte	0
 1261 0098 0D       		.uleb128 0xd
 1262 0099 21       		.uleb128 0x21
 1263 009a 00       		.byte	0
 1264 009b 49       		.uleb128 0x49
 1265 009c 13       		.uleb128 0x13
 1266 009d 2F       		.uleb128 0x2f
 1267 009e 0B       		.uleb128 0xb
 1268 009f 00       		.byte	0
 1269 00a0 00       		.byte	0
 1270 00a1 0E       		.uleb128 0xe
 1271 00a2 2E       		.uleb128 0x2e
 1272 00a3 01       		.byte	0x1
 1273 00a4 3F       		.uleb128 0x3f
 1274 00a5 19       		.uleb128 0x19
 1275 00a6 03       		.uleb128 0x3
 1276 00a7 0E       		.uleb128 0xe
 1277 00a8 3A       		.uleb128 0x3a
 1278 00a9 0B       		.uleb128 0xb
 1279 00aa 3B       		.uleb128 0x3b
 1280 00ab 0B       		.uleb128 0xb
 1281 00ac 27       		.uleb128 0x27
 1282 00ad 19       		.uleb128 0x19
 1283 00ae 11       		.uleb128 0x11
 1284 00af 01       		.uleb128 0x1
 1285 00b0 12       		.uleb128 0x12
 1286 00b1 06       		.uleb128 0x6
 1287 00b2 40       		.uleb128 0x40
 1288 00b3 18       		.uleb128 0x18
 1289 00b4 9742     		.uleb128 0x2117
 1290 00b6 19       		.uleb128 0x19
 1291 00b7 01       		.uleb128 0x1
 1292 00b8 13       		.uleb128 0x13
 1293 00b9 00       		.byte	0
 1294 00ba 00       		.byte	0
ARM GAS  C:\Users\nikod\AppData\Local\Temp\ccPluWhH.s 			page 26


 1295 00bb 0F       		.uleb128 0xf
 1296 00bc 898201   		.uleb128 0x4109
 1297 00bf 01       		.byte	0x1
 1298 00c0 11       		.uleb128 0x11
 1299 00c1 01       		.uleb128 0x1
 1300 00c2 31       		.uleb128 0x31
 1301 00c3 13       		.uleb128 0x13
 1302 00c4 00       		.byte	0
 1303 00c5 00       		.byte	0
 1304 00c6 10       		.uleb128 0x10
 1305 00c7 8A8201   		.uleb128 0x410a
 1306 00ca 00       		.byte	0
 1307 00cb 02       		.uleb128 0x2
 1308 00cc 18       		.uleb128 0x18
 1309 00cd 9142     		.uleb128 0x2111
 1310 00cf 18       		.uleb128 0x18
 1311 00d0 00       		.byte	0
 1312 00d1 00       		.byte	0
 1313 00d2 11       		.uleb128 0x11
 1314 00d3 898201   		.uleb128 0x4109
 1315 00d6 00       		.byte	0
 1316 00d7 11       		.uleb128 0x11
 1317 00d8 01       		.uleb128 0x1
 1318 00d9 31       		.uleb128 0x31
 1319 00da 13       		.uleb128 0x13
 1320 00db 00       		.byte	0
 1321 00dc 00       		.byte	0
 1322 00dd 12       		.uleb128 0x12
 1323 00de 898201   		.uleb128 0x4109
 1324 00e1 01       		.byte	0x1
 1325 00e2 11       		.uleb128 0x11
 1326 00e3 01       		.uleb128 0x1
 1327 00e4 31       		.uleb128 0x31
 1328 00e5 13       		.uleb128 0x13
 1329 00e6 01       		.uleb128 0x1
 1330 00e7 13       		.uleb128 0x13
 1331 00e8 00       		.byte	0
 1332 00e9 00       		.byte	0
 1333 00ea 13       		.uleb128 0x13
 1334 00eb 2E       		.uleb128 0x2e
 1335 00ec 01       		.byte	0x1
 1336 00ed 3F       		.uleb128 0x3f
 1337 00ee 19       		.uleb128 0x19
 1338 00ef 03       		.uleb128 0x3
 1339 00f0 0E       		.uleb128 0xe
 1340 00f1 3A       		.uleb128 0x3a
 1341 00f2 0B       		.uleb128 0xb
 1342 00f3 3B       		.uleb128 0x3b
 1343 00f4 0B       		.uleb128 0xb
 1344 00f5 11       		.uleb128 0x11
 1345 00f6 01       		.uleb128 0x1
 1346 00f7 12       		.uleb128 0x12
 1347 00f8 06       		.uleb128 0x6
 1348 00f9 40       		.uleb128 0x40
 1349 00fa 18       		.uleb128 0x18
 1350 00fb 9742     		.uleb128 0x2117
 1351 00fd 19       		.uleb128 0x19
ARM GAS  C:\Users\nikod\AppData\Local\Temp\ccPluWhH.s 			page 27


 1352 00fe 01       		.uleb128 0x1
 1353 00ff 13       		.uleb128 0x13
 1354 0100 00       		.byte	0
 1355 0101 00       		.byte	0
 1356 0102 14       		.uleb128 0x14
 1357 0103 34       		.uleb128 0x34
 1358 0104 00       		.byte	0
 1359 0105 03       		.uleb128 0x3
 1360 0106 08       		.uleb128 0x8
 1361 0107 3A       		.uleb128 0x3a
 1362 0108 0B       		.uleb128 0xb
 1363 0109 3B       		.uleb128 0x3b
 1364 010a 0B       		.uleb128 0xb
 1365 010b 49       		.uleb128 0x49
 1366 010c 13       		.uleb128 0x13
 1367 010d 02       		.uleb128 0x2
 1368 010e 17       		.uleb128 0x17
 1369 010f 00       		.byte	0
 1370 0110 00       		.byte	0
 1371 0111 15       		.uleb128 0x15
 1372 0112 34       		.uleb128 0x34
 1373 0113 00       		.byte	0
 1374 0114 03       		.uleb128 0x3
 1375 0115 0E       		.uleb128 0xe
 1376 0116 3A       		.uleb128 0x3a
 1377 0117 0B       		.uleb128 0xb
 1378 0118 3B       		.uleb128 0x3b
 1379 0119 0B       		.uleb128 0xb
 1380 011a 49       		.uleb128 0x49
 1381 011b 13       		.uleb128 0x13
 1382 011c 02       		.uleb128 0x2
 1383 011d 17       		.uleb128 0x17
 1384 011e 00       		.byte	0
 1385 011f 00       		.byte	0
 1386 0120 16       		.uleb128 0x16
 1387 0121 2E       		.uleb128 0x2e
 1388 0122 01       		.byte	0x1
 1389 0123 3F       		.uleb128 0x3f
 1390 0124 19       		.uleb128 0x19
 1391 0125 03       		.uleb128 0x3
 1392 0126 0E       		.uleb128 0xe
 1393 0127 3A       		.uleb128 0x3a
 1394 0128 0B       		.uleb128 0xb
 1395 0129 3B       		.uleb128 0x3b
 1396 012a 0B       		.uleb128 0xb
 1397 012b 27       		.uleb128 0x27
 1398 012c 19       		.uleb128 0x19
 1399 012d 49       		.uleb128 0x49
 1400 012e 13       		.uleb128 0x13
 1401 012f 8701     		.uleb128 0x87
 1402 0131 19       		.uleb128 0x19
 1403 0132 11       		.uleb128 0x11
 1404 0133 01       		.uleb128 0x1
 1405 0134 12       		.uleb128 0x12
 1406 0135 06       		.uleb128 0x6
 1407 0136 40       		.uleb128 0x40
 1408 0137 18       		.uleb128 0x18
ARM GAS  C:\Users\nikod\AppData\Local\Temp\ccPluWhH.s 			page 28


 1409 0138 9742     		.uleb128 0x2117
 1410 013a 19       		.uleb128 0x19
 1411 013b 01       		.uleb128 0x1
 1412 013c 13       		.uleb128 0x13
 1413 013d 00       		.byte	0
 1414 013e 00       		.byte	0
 1415 013f 17       		.uleb128 0x17
 1416 0140 34       		.uleb128 0x34
 1417 0141 00       		.byte	0
 1418 0142 03       		.uleb128 0x3
 1419 0143 0E       		.uleb128 0xe
 1420 0144 3A       		.uleb128 0x3a
 1421 0145 0B       		.uleb128 0xb
 1422 0146 3B       		.uleb128 0x3b
 1423 0147 05       		.uleb128 0x5
 1424 0148 49       		.uleb128 0x49
 1425 0149 13       		.uleb128 0x13
 1426 014a 3F       		.uleb128 0x3f
 1427 014b 19       		.uleb128 0x19
 1428 014c 3C       		.uleb128 0x3c
 1429 014d 19       		.uleb128 0x19
 1430 014e 00       		.byte	0
 1431 014f 00       		.byte	0
 1432 0150 18       		.uleb128 0x18
 1433 0151 35       		.uleb128 0x35
 1434 0152 00       		.byte	0
 1435 0153 49       		.uleb128 0x49
 1436 0154 13       		.uleb128 0x13
 1437 0155 00       		.byte	0
 1438 0156 00       		.byte	0
 1439 0157 19       		.uleb128 0x19
 1440 0158 34       		.uleb128 0x34
 1441 0159 00       		.byte	0
 1442 015a 03       		.uleb128 0x3
 1443 015b 08       		.uleb128 0x8
 1444 015c 3A       		.uleb128 0x3a
 1445 015d 0B       		.uleb128 0xb
 1446 015e 3B       		.uleb128 0x3b
 1447 015f 0B       		.uleb128 0xb
 1448 0160 49       		.uleb128 0x49
 1449 0161 13       		.uleb128 0x13
 1450 0162 3F       		.uleb128 0x3f
 1451 0163 19       		.uleb128 0x19
 1452 0164 02       		.uleb128 0x2
 1453 0165 18       		.uleb128 0x18
 1454 0166 00       		.byte	0
 1455 0167 00       		.byte	0
 1456 0168 1A       		.uleb128 0x1a
 1457 0169 2E       		.uleb128 0x2e
 1458 016a 00       		.byte	0
 1459 016b 3F       		.uleb128 0x3f
 1460 016c 19       		.uleb128 0x19
 1461 016d 3C       		.uleb128 0x3c
 1462 016e 19       		.uleb128 0x19
 1463 016f 6E       		.uleb128 0x6e
 1464 0170 0E       		.uleb128 0xe
 1465 0171 03       		.uleb128 0x3
ARM GAS  C:\Users\nikod\AppData\Local\Temp\ccPluWhH.s 			page 29


 1466 0172 0E       		.uleb128 0xe
 1467 0173 3A       		.uleb128 0x3a
 1468 0174 0B       		.uleb128 0xb
 1469 0175 3B       		.uleb128 0x3b
 1470 0176 0B       		.uleb128 0xb
 1471 0177 00       		.byte	0
 1472 0178 00       		.byte	0
 1473 0179 00       		.byte	0
 1474              		.section	.debug_loc,"",%progbits
 1475              	.Ldebug_loc0:
 1476              	.LLST0:
 1477 0000 06000000 		.4byte	.LVL5
 1478 0004 0A000000 		.4byte	.LVL6
 1479 0008 0200     		.2byte	0x2
 1480 000a 30       		.byte	0x30
 1481 000b 9F       		.byte	0x9f
 1482 000c 0A000000 		.4byte	.LVL6
 1483 0010 1E000000 		.4byte	.LVL10
 1484 0014 0100     		.2byte	0x1
 1485 0016 54       		.byte	0x54
 1486 0017 20000000 		.4byte	.LVL11
 1487 001b 26000000 		.4byte	.LVL12
 1488 001f 0100     		.2byte	0x1
 1489 0021 54       		.byte	0x54
 1490 0022 00000000 		.4byte	0
 1491 0026 00000000 		.4byte	0
 1492              	.LLST1:
 1493 002a 02000000 		.4byte	.LVL13
 1494 002e 06000000 		.4byte	.LVL14
 1495 0032 0200     		.2byte	0x2
 1496 0034 30       		.byte	0x30
 1497 0035 9F       		.byte	0x9f
 1498 0036 06000000 		.4byte	.LVL14
 1499 003a 28000000 		.4byte	.LVL20
 1500 003e 0100     		.2byte	0x1
 1501 0040 54       		.byte	0x54
 1502 0041 2A000000 		.4byte	.LVL21
 1503 0045 30000000 		.4byte	.LVL22
 1504 0049 0100     		.2byte	0x1
 1505 004b 54       		.byte	0x54
 1506 004c 00000000 		.4byte	0
 1507 0050 00000000 		.4byte	0
 1508              	.LLST2:
 1509 0054 02000000 		.4byte	.LVL23
 1510 0058 1A000000 		.4byte	.LVL26
 1511 005c 0200     		.2byte	0x2
 1512 005e 30       		.byte	0x30
 1513 005f 9F       		.byte	0x9f
 1514 0060 1A000000 		.4byte	.LVL26
 1515 0064 1D000000 		.4byte	.LVL27-1
 1516 0068 0100     		.2byte	0x1
 1517 006a 50       		.byte	0x50
 1518 006b 00000000 		.4byte	0
 1519 006f 00000000 		.4byte	0
 1520              		.section	.debug_aranges,"",%progbits
 1521 0000 44000000 		.4byte	0x44
 1522 0004 0200     		.2byte	0x2
ARM GAS  C:\Users\nikod\AppData\Local\Temp\ccPluWhH.s 			page 30


 1523 0006 00000000 		.4byte	.Ldebug_info0
 1524 000a 04       		.byte	0x4
 1525 000b 00       		.byte	0
 1526 000c 0000     		.2byte	0
 1527 000e 0000     		.2byte	0
 1528 0010 00000000 		.4byte	.LFB63
 1529 0014 10000000 		.4byte	.LFE63-.LFB63
 1530 0018 00000000 		.4byte	.LFB64
 1531 001c 18000000 		.4byte	.LFE64-.LFB64
 1532 0020 00000000 		.4byte	.LFB65
 1533 0024 2C000000 		.4byte	.LFE65-.LFB65
 1534 0028 00000000 		.4byte	.LFB66
 1535 002c 34000000 		.4byte	.LFE66-.LFB66
 1536 0030 00000000 		.4byte	.LFB67
 1537 0034 9C000000 		.4byte	.LFE67-.LFB67
 1538 0038 00000000 		.4byte	.LFB68
 1539 003c 9C000000 		.4byte	.LFE68-.LFB68
 1540 0040 00000000 		.4byte	0
 1541 0044 00000000 		.4byte	0
 1542              		.section	.debug_ranges,"",%progbits
 1543              	.Ldebug_ranges0:
 1544 0000 00000000 		.4byte	.LFB63
 1545 0004 10000000 		.4byte	.LFE63
 1546 0008 00000000 		.4byte	.LFB64
 1547 000c 18000000 		.4byte	.LFE64
 1548 0010 00000000 		.4byte	.LFB65
 1549 0014 2C000000 		.4byte	.LFE65
 1550 0018 00000000 		.4byte	.LFB66
 1551 001c 34000000 		.4byte	.LFE66
 1552 0020 00000000 		.4byte	.LFB67
 1553 0024 9C000000 		.4byte	.LFE67
 1554 0028 00000000 		.4byte	.LFB68
 1555 002c 9C000000 		.4byte	.LFE68
 1556 0030 00000000 		.4byte	0
 1557 0034 00000000 		.4byte	0
 1558              		.section	.debug_line,"",%progbits
 1559              	.Ldebug_line0:
 1560 0000 8D020000 		.section	.debug_str,"MS",%progbits,1
 1560      02008601 
 1560      00000201 
 1560      FB0E0D00 
 1560      01010101 
 1561              	.LASF8:
 1562 0000 6C6F6E67 		.ascii	"long long int\000"
 1562      206C6F6E 
 1562      6720696E 
 1562      7400
 1563              	.LASF4:
 1564 000e 5F5F7569 		.ascii	"__uint8_t\000"
 1564      6E74385F 
 1564      7400
 1565              	.LASF35:
 1566 0018 4932435F 		.ascii	"I2C_MasterSendStop\000"
 1566      4D617374 
 1566      65725365 
 1566      6E645374 
 1566      6F7000
ARM GAS  C:\Users\nikod\AppData\Local\Temp\ccPluWhH.s 			page 31


 1567              	.LASF30:
 1568 002b 496E7465 		.ascii	"Inte\000"
 1568      00
 1569              	.LASF5:
 1570 0030 5F5F696E 		.ascii	"__int32_t\000"
 1570      7433325F 
 1570      7400
 1571              	.LASF41:
 1572 003a 4144435F 		.ascii	"ADC_CountsTo_mVolts\000"
 1572      436F756E 
 1572      7473546F 
 1572      5F6D566F 
 1572      6C747300 
 1573              	.LASF34:
 1574 004e 4932435F 		.ascii	"I2C_MasterWriteByte\000"
 1574      4D617374 
 1574      65725772 
 1574      69746542 
 1574      79746500 
 1575              	.LASF16:
 1576 0062 646F7562 		.ascii	"double\000"
 1576      6C6500
 1577              	.LASF23:
 1578 0069 6D6F6E74 		.ascii	"month\000"
 1578      6800
 1579              	.LASF26:
 1580 006f 44535F62 		.ascii	"DS_begintx\000"
 1580      6567696E 
 1580      747800
 1581              	.LASF46:
 1582 007a 4932435F 		.ascii	"I2C_Start\000"
 1582      53746172 
 1582      7400
 1583              	.LASF15:
 1584 0084 666C6F61 		.ascii	"float\000"
 1584      7400
 1585              	.LASF45:
 1586 008a 4C43445F 		.ascii	"LCD_Start\000"
 1586      53746172 
 1586      7400
 1587              	.LASF53:
 1588 0094 433A5C55 		.ascii	"C:\\Users\\nikod\\Documents\\Sistemas Embebidos\\RT"
 1588      73657273 
 1588      5C6E696B 
 1588      6F645C44 
 1588      6F63756D 
 1589 00c2 432D7061 		.ascii	"C-para-detector-y-registrador-de-picos\\proyecto4.c"
 1589      72612D64 
 1589      65746563 
 1589      746F722D 
 1589      792D7265 
 1590 00f4 7964736E 		.ascii	"ydsn\000"
 1590      00
 1591              	.LASF22:
 1592 00f9 64617465 		.ascii	"date\000"
 1592      00
 1593              	.LASF51:
ARM GAS  C:\Users\nikod\AppData\Local\Temp\ccPluWhH.s 			page 32


 1594 00fe 474E5520 		.ascii	"GNU C11 5.4.1 20160609 (release) [ARM/embedded-5-br"
 1594      43313120 
 1594      352E342E 
 1594      31203230 
 1594      31363036 
 1595 0131 616E6368 		.ascii	"anch revision 237715] -mcpu=cortex-m3 -mthumb -g -O"
 1595      20726576 
 1595      6973696F 
 1595      6E203233 
 1595      37373135 
 1596 0164 67202D66 		.ascii	"g -ffunction-sections -ffat-lto-objects\000"
 1596      66756E63 
 1596      74696F6E 
 1596      2D736563 
 1596      74696F6E 
 1597              	.LASF38:
 1598 018c 4144435F 		.ascii	"ADC_StartConvert\000"
 1598      53746172 
 1598      74436F6E 
 1598      76657274 
 1598      00
 1599              	.LASF54:
 1600 019d 6461746F 		.ascii	"datos\000"
 1600      7300
 1601              	.LASF39:
 1602 01a3 4144435F 		.ascii	"ADC_IsEndConversion\000"
 1602      4973456E 
 1602      64436F6E 
 1602      76657273 
 1602      696F6E00 
 1603              	.LASF31:
 1604 01b7 74656D70 		.ascii	"temp\000"
 1604      00
 1605              	.LASF3:
 1606 01bc 73686F72 		.ascii	"short unsigned int\000"
 1606      7420756E 
 1606      7369676E 
 1606      65642069 
 1606      6E7400
 1607              	.LASF33:
 1608 01cf 4932435F 		.ascii	"I2C_MasterSendStart\000"
 1608      4D617374 
 1608      65725365 
 1608      6E645374 
 1608      61727400 
 1609              	.LASF20:
 1610 01e3 686F7572 		.ascii	"hour\000"
 1610      00
 1611              	.LASF32:
 1612 01e8 49544D5F 		.ascii	"ITM_RxBuffer\000"
 1612      52784275 
 1612      66666572 
 1612      00
 1613              	.LASF27:
 1614 01f5 44535F69 		.ascii	"DS_init\000"
 1614      6E697400 
 1615              	.LASF24:
ARM GAS  C:\Users\nikod\AppData\Local\Temp\ccPluWhH.s 			page 33


 1616 01fd 79656172 		.ascii	"year\000"
 1616      00
 1617              	.LASF28:
 1618 0202 44535F73 		.ascii	"DS_set_data\000"
 1618      65745F64 
 1618      61746100 
 1619              	.LASF7:
 1620 020e 6C6F6E67 		.ascii	"long unsigned int\000"
 1620      20756E73 
 1620      69676E65 
 1620      6420696E 
 1620      7400
 1621              	.LASF55:
 1622 0220 6D61696E 		.ascii	"main\000"
 1622      00
 1623              	.LASF14:
 1624 0225 75696E74 		.ascii	"uint16\000"
 1624      313600
 1625              	.LASF47:
 1626 022c 54696D65 		.ascii	"Timer_Start\000"
 1626      725F5374 
 1626      61727400 
 1627              	.LASF25:
 1628 0238 7274635F 		.ascii	"rtc_t\000"
 1628      7400
 1629              	.LASF10:
 1630 023e 756E7369 		.ascii	"unsigned int\000"
 1630      676E6564 
 1630      20696E74 
 1630      00
 1631              	.LASF9:
 1632 024b 6C6F6E67 		.ascii	"long long unsigned int\000"
 1632      206C6F6E 
 1632      6720756E 
 1632      7369676E 
 1632      65642069 
 1633              	.LASF11:
 1634 0262 75696E74 		.ascii	"uint8_t\000"
 1634      385F7400 
 1635              	.LASF42:
 1636 026a 4C43445F 		.ascii	"LCD_Position\000"
 1636      506F7369 
 1636      74696F6E 
 1636      00
 1637              	.LASF43:
 1638 0277 4C43445F 		.ascii	"LCD_PrintU32Number\000"
 1638      5072696E 
 1638      74553332 
 1638      4E756D62 
 1638      657200
 1639              	.LASF44:
 1640 028a 4C43445F 		.ascii	"LCD_PutChar\000"
 1640      50757443 
 1640      68617200 
 1641              	.LASF49:
 1642 0296 4144435F 		.ascii	"ADC_Start\000"
 1642      53746172 
ARM GAS  C:\Users\nikod\AppData\Local\Temp\ccPluWhH.s 			page 34


 1642      7400
 1643              	.LASF29:
 1644 02a0 44535F67 		.ascii	"DS_get_data\000"
 1644      65745F64 
 1644      61746100 
 1645              	.LASF12:
 1646 02ac 696E7433 		.ascii	"int32_t\000"
 1646      325F7400 
 1647              	.LASF19:
 1648 02b4 73697A65 		.ascii	"sizetype\000"
 1648      74797065 
 1648      00
 1649              	.LASF36:
 1650 02bd 4932435F 		.ascii	"I2C_MasterSendRestart\000"
 1650      4D617374 
 1650      65725365 
 1650      6E645265 
 1650      73746172 
 1651              	.LASF52:
 1652 02d3 6D61696E 		.ascii	"main.c\000"
 1652      2E6300
 1653              	.LASF17:
 1654 02da 63686172 		.ascii	"char\000"
 1654      00
 1655              	.LASF37:
 1656 02df 4932435F 		.ascii	"I2C_MasterReadByte\000"
 1656      4D617374 
 1656      65725265 
 1656      61644279 
 1656      746500
 1657              	.LASF2:
 1658 02f2 73686F72 		.ascii	"short int\000"
 1658      7420696E 
 1658      7400
 1659              	.LASF1:
 1660 02fc 756E7369 		.ascii	"unsigned char\000"
 1660      676E6564 
 1660      20636861 
 1660      7200
 1661              	.LASF13:
 1662 030a 75696E74 		.ascii	"uint8\000"
 1662      3800
 1663              	.LASF40:
 1664 0310 4144435F 		.ascii	"ADC_GetResult16\000"
 1664      47657452 
 1664      6573756C 
 1664      74313600 
 1665              	.LASF6:
 1666 0320 6C6F6E67 		.ascii	"long int\000"
 1666      20696E74 
 1666      00
 1667              	.LASF18:
 1668 0329 6C6F6E67 		.ascii	"long double\000"
 1668      20646F75 
 1668      626C6500 
 1669              	.LASF0:
 1670 0335 7369676E 		.ascii	"signed char\000"
ARM GAS  C:\Users\nikod\AppData\Local\Temp\ccPluWhH.s 			page 35


 1670      65642063 
 1670      68617200 
 1671              	.LASF48:
 1672 0341 4952535F 		.ascii	"IRS_StartEx\000"
 1672      53746172 
 1672      74457800 
 1673              	.LASF21:
 1674 034d 7765656B 		.ascii	"weekDay\000"
 1674      44617900 
 1675              	.LASF50:
 1676 0355 43794465 		.ascii	"CyDelay\000"
 1676      6C617900 
 1677              		.ident	"GCC: (GNU Tools for ARM Embedded Processors) 5.4.1 20160609 (release) [ARM/embedded-5-bran
